#
# There is insufficient memory for the Java Runtime Environment to continue.
# Native memory allocation (mmap) failed to map 100663296 bytes for Failed to commit area from 0x00000000a0c00000 to 0x00000000a6c00000 of length 100663296.
# Possible reasons:
#   The system is out of physical RAM or swap space
#   The process is running with CompressedOops enabled, and the Java Heap may be blocking the growth of the native heap
# Possible solutions:
#   Reduce memory load on the system
#   Increase physical memory or swap space
#   Check if swap backing store is full
#   Decrease Java heap size (-Xmx/-Xms)
#   Decrease number of Java threads
#   Decrease Java thread stack sizes (-Xss)
#   Set larger code cache with -XX:ReservedCodeCacheSize=
# This output file may be truncated or incomplete.
#
#  Out of Memory Error (./src/hotspot/os/windows/os_windows.cpp:3301), pid=5824, tid=5648
#
# JRE version:  (11.0.11+9) (build )
# Java VM: Dynamic Code Evolution 64-Bit Server VM (11.0.11+9-b1341.57, mixed mode, sharing, tiered, compressed oops, g1 gc, windows-amd64)
# No core dump will be written. Minidumps are not enabled by default on client versions of Windows
#

---------------  S U M M A R Y ------------

Command Line: org.jetbrains.git4idea.http.GitAskPassApp Username for 'https://github.com': 

Host: Intel(R) Core(TM) i5-2410M CPU @ 2.30GHz, 4 cores, 5G,  Windows 7 , 64 bit Build 7601 (6.1.7601.24565)
Time: Fri Jul 30 14:09:40 2021 Iu?oaoiaeaianeia a?aiy (ceia) elapsed time: 0.011102 seconds (0d 0h 0m 0s)

---------------  T H R E A D  ---------------

Current thread (0x0000000000307800):  JavaThread "Unknown thread" [_thread_in_vm, id=5648, stack(0x00000000021a0000,0x00000000022a0000)]

Stack: [0x00000000021a0000,0x00000000022a0000]
Native frames: (J=compiled Java code, j=interpreted, Vv=VM code, C=native code)
V  [jvm.dll+0x5fdd0a]
V  [jvm.dll+0x7822a5]
V  [jvm.dll+0x7838bd]
V  [jvm.dll+0x783f73]
V  [jvm.dll+0x245ed8]
V  [jvm.dll+0x5fb104]
V  [jvm.dll+0x5f0065]
V  [jvm.dll+0x302ecb]
V  [jvm.dll+0x302e3a]
V  [jvm.dll+0x302d12]
V  [jvm.dll+0x307c06]
V  [jvm.dll+0x350aa3]
V  [jvm.dll+0x3511a6]
V  [jvm.dll+0x350ba3]
V  [jvm.dll+0x2dca78]
V  [jvm.dll+0x2ddc27]
V  [jvm.dll+0x760907]
V  [jvm.dll+0x76219c]
V  [jvm.dll+0x35e039]
V  [jvm.dll+0x743e8e]
V  [jvm.dll+0x3c69b3]
V  [jvm.dll+0x3c8db1]
C  [jli.dll+0x5373]
C  [ucrtbase.DLL+0x1f4a0]
C  [kernel32.dll+0x155dd]
C  [ntdll.dll+0x52b1d]


---------------  P R O C E S S  ---------------

Threads class SMR info:
_java_thread_list=0x00000000002e5410, length=0, elements={
}

Java Threads: ( => current thread )

Other Threads:
  0x0000000000321800 GCTaskThread "GC Thread#0" [stack: 0x0000000015480000,0x0000000015580000] [id=3116]
  0x0000000000348000 ConcurrentGCThread "G1 Main Marker" [stack: 0x0000000019270000,0x0000000019370000] [id=6168]
  0x0000000000349800 ConcurrentGCThread "G1 Conc#0" [stack: 0x0000000019400000,0x0000000019500000] [id=5276]

[error occurred during error reporting (printing all threads), id 0xc0000005, EXCEPTION_ACCESS_VIOLATION (0xc0000005) at pc=0x000007feee2cd047]

VM state:not at safepoint (not fully initialized)

VM Mutex/Monitor currently owned by a thread:  ([mutex/lock_event])
[0x0000000000304c60] Heap_lock - owner thread: 0x0000000000307800

Heap address: 0x00000000a0c00000, size: 1524 MB, Compressed Oops mode: Non-zero based: 0x00000000a0c00000
Narrow klass base: 0x0000000000000000, Narrow klass shift: 0

GC Heap History (0 events):
No events

Deoptimization events (0 events):
No events

Classes redefined (0 events):
No events

Internal exceptions (0 events):
No events

Events (1 events):
Event: 0.005 Loaded shared library E:\Program\IntelliJ IDEA 2021.1.2\jbr\bin\zip.dll


Dynamic libraries:
0x000000013fa20000 - 0x000000013fa2a000 	E:\Program\IntelliJ IDEA 2021.1.2\jbr\bin\java.exe
0x00000000778a0000 - 0x0000000077a3f000 	C:\Windows\SYSTEM32\ntdll.dll
0x0000000077780000 - 0x00000000778a0000 	C:\Windows\system32\kernel32.dll
0x000007fefd500000 - 0x000007fefd567000 	C:\Windows\system32\KERNELBASE.dll
0x000007fef1060000 - 0x000007fef1079000 	E:\Program\IntelliJ IDEA 2021.1.2\jbr\bin\jli.dll
0x000007fefbe20000 - 0x000007fefc015000 	C:\Windows\WinSxS\amd64_microsoft.windows.common-controls_6595b64144ccf1df_6.0.7601.24483_none_e372d88f30fbb845\COMCTL32.dll
0x000007fefd8b0000 - 0x000007fefd94f000 	C:\Windows\system32\msvcrt.dll
0x000007feff4c0000 - 0x000007feff528000 	C:\Windows\system32\GDI32.dll
0x0000000077680000 - 0x000000007777b000 	C:\Windows\system32\USER32.dll
0x000007feff7b0000 - 0x000007feff7be000 	C:\Windows\system32\LPK.dll
0x000007feff6e0000 - 0x000007feff7ab000 	C:\Windows\system32\USP10.dll
0x000007feff530000 - 0x000007feff5a1000 	C:\Windows\system32\SHLWAPI.dll
0x000007fef1040000 - 0x000007fef1057000 	E:\Program\IntelliJ IDEA 2021.1.2\jbr\bin\VCRUNTIME140.dll
0x000007fefa6d0000 - 0x000007fefa6d4000 	C:\Windows\system32\api-ms-win-crt-runtime-l1-1-0.dll
0x000007fef10b0000 - 0x000007fef11a4000 	C:\Windows\system32\ucrtbase.DLL
0x000007fefa5d0000 - 0x000007fefa5d3000 	C:\Windows\system32\api-ms-win-core-timezone-l1-1-0.dll
0x000007fefa5c0000 - 0x000007fefa5c3000 	C:\Windows\system32\api-ms-win-core-file-l2-1-0.dll
0x000007fef9fa0000 - 0x000007fef9fa3000 	C:\Windows\system32\api-ms-win-core-localization-l1-2-0.dll
0x000007fef6650000 - 0x000007fef6653000 	C:\Windows\system32\api-ms-win-core-synch-l1-2-0.dll
0x000007fef8860000 - 0x000007fef8863000 	C:\Windows\system32\api-ms-win-core-processthreads-l1-1-1.dll
0x000007fef8150000 - 0x000007fef8153000 	C:\Windows\system32\api-ms-win-core-file-l1-2-0.dll
0x000007fef8030000 - 0x000007fef8034000 	C:\Windows\system32\api-ms-win-crt-string-l1-1-0.dll
0x000007fef8040000 - 0x000007fef8043000 	C:\Windows\system32\api-ms-win-crt-heap-l1-1-0.dll
0x000007fef8020000 - 0x000007fef8024000 	C:\Windows\system32\api-ms-win-crt-stdio-l1-1-0.dll
0x000007fef7bf0000 - 0x000007fef7bf4000 	C:\Windows\system32\api-ms-win-crt-convert-l1-1-0.dll
0x000007fef7b10000 - 0x000007fef7b13000 	C:\Windows\system32\api-ms-win-crt-environment-l1-1-0.dll
0x000007fef6300000 - 0x000007fef6303000 	C:\Windows\system32\api-ms-win-crt-filesystem-l1-1-0.dll
0x000007fef6310000 - 0x000007fef6315000 	C:\Windows\system32\api-ms-win-crt-math-l1-1-0.dll
0x000007fef3ca0000 - 0x000007fef3ca3000 	C:\Windows\system32\api-ms-win-crt-locale-l1-1-0.dll
0x000007feff290000 - 0x000007feff2be000 	C:\Windows\system32\IMM32.DLL
0x000007fefd950000 - 0x000007fefda5b000 	C:\Windows\system32\MSCTF.dll
0x000007fef0fa0000 - 0x000007fef103d000 	E:\Program\IntelliJ IDEA 2021.1.2\jbr\bin\msvcp140.dll
0x000007fef3c90000 - 0x000007fef3c95000 	C:\Windows\system32\api-ms-win-crt-multibyte-l1-1-0.dll
0x000007fef62c0000 - 0x000007fef62c3000 	C:\Windows\system32\api-ms-win-crt-time-l1-1-0.dll
0x000007fef7ae0000 - 0x000007fef7ae3000 	C:\Windows\system32\api-ms-win-crt-utility-l1-1-0.dll
0x000007feedfe0000 - 0x000007feeeb33000 	E:\Program\IntelliJ IDEA 2021.1.2\jbr\bin\server\jvm.dll
0x000007fefd7d0000 - 0x000007fefd8ab000 	C:\Windows\system32\ADVAPI32.dll
0x000007fefd7b0000 - 0x000007fefd7cf000 	C:\Windows\SYSTEM32\sechost.dll
0x000007feff5b0000 - 0x000007feff6dc000 	C:\Windows\system32\RPCRT4.dll
0x000007fef8ad0000 - 0x000007fef8ad9000 	C:\Windows\system32\WSOCK32.dll
0x000007fefdf10000 - 0x000007fefdf5d000 	C:\Windows\system32\WS2_32.dll
0x000007feff140000 - 0x000007feff148000 	C:\Windows\system32\NSI.dll
0x000007fefb1c0000 - 0x000007fefb1fb000 	C:\Windows\system32\WINMM.dll
0x000007fefc4b0000 - 0x000007fefc4bc000 	C:\Windows\system32\VERSION.dll
0x0000000077a50000 - 0x0000000077a57000 	C:\Windows\system32\PSAPI.DLL
0x000007fef5df0000 - 0x000007fef5e01000 	E:\Program\IntelliJ IDEA 2021.1.2\jbr\bin\verify.dll
0x000007fef93a0000 - 0x000007fef94c5000 	C:\Windows\system32\DBGHELP.DLL
0x000007fef5c50000 - 0x000007fef5c79000 	E:\Program\IntelliJ IDEA 2021.1.2\jbr\bin\java.dll
0x000007fef62b0000 - 0x000007fef62bb000 	E:\Program\IntelliJ IDEA 2021.1.2\jbr\bin\jimage.dll
0x000007fef5ca0000 - 0x000007fef5cb8000 	E:\Program\IntelliJ IDEA 2021.1.2\jbr\bin\zip.dll

dbghelp: loaded successfully - version: 4.0.5 - missing functions: none
symbol engine: initialized successfully - sym options: 0x614 - pdb path: .;E:\Program\IntelliJ IDEA 2021.1.2\jbr\bin;C:\Windows\SYSTEM32;C:\Windows\WinSxS\amd64_microsoft.windows.common-controls_6595b64144ccf1df_6.0.7601.24483_none_e372d88f30fbb845;E:\Program\IntelliJ IDEA 2021.1.2\jbr\bin\server

VM Arguments:
java_command: org.jetbrains.git4idea.http.GitAskPassApp Username for 'https://github.com': 
java_class_path (initial): E:/Program/IntelliJ IDEA 2021.1.2/plugins/git4idea/lib/git4idea-rt.jar;E:/Program/IntelliJ IDEA 2021.1.2/lib/xmlrpc-2.0.1.jar;E:/Program/IntelliJ IDEA 2021.1.2/lib/commons-codec-1.15.jar
Launcher Type: SUN_STANDARD

[Global flags]
     intx CICompilerCount                          = 3                                         {product} {ergonomic}
     uint ConcGCThreads                            = 1                                         {product} {ergonomic}
     uint G1ConcRefinementThreads                  = 4                                         {product} {ergonomic}
   size_t G1HeapRegionSize                         = 1048576                                   {product} {ergonomic}
    uintx GCDrainStackTargetSize                   = 64                                        {product} {ergonomic}
   size_t InitialHeapSize                          = 100663296                                 {product} {ergonomic}
   size_t MarkStackSize                            = 4194304                                   {product} {ergonomic}
   size_t MaxHeapSize                              = 1598029824                                {product} {ergonomic}
   size_t MinHeapDeltaBytes                        = 1048576                                   {product} {ergonomic}
    uintx NonNMethodCodeHeapSize                   = 5830732                                {pd product} {ergonomic}
    uintx NonProfiledCodeHeapSize                  = 122913754                              {pd product} {ergonomic}
    uintx ProfiledCodeHeapSize                     = 122913754                              {pd product} {ergonomic}
    uintx ReservedCodeCacheSize                    = 251658240                              {pd product} {ergonomic}
     bool SegmentedCodeCache                       = true                                      {product} {ergonomic}
     bool UseCompressedClassPointers               = true                                 {lp64_product} {ergonomic}
     bool UseCompressedOops                        = true                                 {lp64_product} {ergonomic}
     bool UseG1GC                                  = true                                      {product} {ergonomic}
     bool UseLargePagesIndividualAllocation        = false                                  {pd product} {ergonomic}

Logging:
Log output configuration:
 #0: stdout all=warning uptime,level,tags
 #1: stderr all=off uptime,level,tags

Environment Variables:
PATH=C:/Program Files/Git/mingw64/libexec/git-core;C:/Program Files/Git/mingw64/libexec/git-core;C:\Program Files\Git\mingw64\bin;C:\Program Files\Git\usr\bin;C:\Users\Bublic\bin;C:\Windows\system32;C:\Windows;C:\Windows\System32\Wbem;C:\Windows\System32\WindowsPowerShell\v1.0\;C:\Program Files\Git\cmd;C:\Program Files\heroku\bin
USERNAME=Bublic
DISPLAY=:0.0
LC_ALL=en_US.UTF-8
OS=Windows_NT
PROCESSOR_IDENTIFIER=Intel64 Family 6 Model 42 Stepping 7, GenuineIntel



---------------  S Y S T E M  ---------------

OS: Windows 7 , 64 bit Build 7601 (6.1.7601.24565)
OS uptime: 0 days 2:30 hours

CPU:total 4 (initial active 4) (2 cores per cpu, 2 threads per core) family 6 model 42 stepping 7 microcode 0x0, cmov, cx8, fxsr, mmx, sse, sse2, sse3, ssse3, sse4.1, sse4.2, popcnt, avx, aes, clmul, ht, tsc, tscinvbit

Memory: 4k page, system-wide physical 6091M (843M free)
TotalPageFile size 8138M (AvailPageFile size 9M)
current process WorkingSet (physical memory assigned to process): 10M, peak: 10M
current process commit charge ("private bytes"): 57M, peak: 151M

vm_info: Dynamic Code Evolution 64-Bit Server VM (11.0.11+9-b1341.57) for windows-amd64 JRE (11.0.11+9-b1341.57), built on May 17 2021 14:09:08 by "" with MS VC++ 14.0 (VS2015)

END.
