#
# There is insufficient memory for the Java Runtime Environment to continue.
# Native memory allocation (malloc) failed to allocate 1048576 bytes for AllocateHeap
# Possible reasons:
#   The system is out of physical RAM or swap space
#   The process is running with CompressedOops enabled, and the Java Heap may be blocking the growth of the native heap
# Possible solutions:
#   Reduce memory load on the system
#   Increase physical memory or swap space
#   Check if swap backing store is full
#   Decrease Java heap size (-Xmx/-Xms)
#   Decrease number of Java threads
#   Decrease Java thread stack sizes (-Xss)
#   Set larger code cache with -XX:ReservedCodeCacheSize=
#   JVM is running with Unscaled Compressed Oops mode in which the Java heap is
#     placed in the first 4GB address space. The Java Heap base address is the
#     maximum limit for the native heap growth. Please use -XX:HeapBaseMinAddress
#     to set the Java Heap base and to place the Java Heap above 4GB virtual address.
# This output file may be truncated or incomplete.
#
#  Out of Memory Error (./src/hotspot/share/memory/allocation.cpp:46), pid=2972, tid=4296
#
# JRE version: OpenJDK Runtime Environment AdoptOpenJDK-11.0.11+9 (11.0.11+9) (build 11.0.11+9)
# Java VM: OpenJDK 64-Bit Server VM AdoptOpenJDK-11.0.11+9 (11.0.11+9, mixed mode, tiered, compressed oops, g1 gc, windows-amd64)
# No core dump will be written. Minidumps are not enabled by default on client versions of Windows
#

---------------  S U M M A R Y ------------

Command Line: -XX:TieredStopAtLevel=1 -Xverify:none -Dspring.output.ansi.enabled=always -javaagent:E:\Program\IntelliJ IDEA 2021.1.2\lib\idea_rt.jar=61417:E:\Program\IntelliJ IDEA 2021.1.2\bin -Dcom.sun.management.jmxremote -Dspring.jmx.enabled=true -Dspring.liveBeansView.mbeanDomain -Dspring.application.admin.enabled=true -Dfile.encoding=UTF-8 com.telegrambots.firstcook.FirstCookApplication

Host: Intel(R) Core(TM) i5-2410M CPU @ 2.30GHz, 4 cores, 5G,  Windows 7 , 64 bit Build 7601 (6.1.7601.24565)
Time: Fri Jul 30 14:52:50 2021 Iu?oaoiaeaianeia a?aiy (ceia) elapsed time: 3.825886 seconds (0d 0h 0m 3s)

---------------  T H R E A D  ---------------

Current thread (0x0000000020522000):  VMThread "VM Thread" [stack: 0x00000000612d0000,0x00000000613d0000] [id=4296]

Stack: [0x00000000612d0000,0x00000000613d0000]
[error occurred during error reporting (printing stack bounds), id 0xc0000005, EXCEPTION_ACCESS_VIOLATION (0xc0000005) at pc=0x000000000ae80f2d]

Native frames: (J=compiled Java code, j=interpreted, Vv=VM code, C=native code)
V  [jvm.dll+0x5f7e5a]
V  [jvm.dll+0x77ff2e]
V  [jvm.dll+0x7815ff]
V  [jvm.dll+0x781c25]
V  [jvm.dll+0x781bdb]
V  [jvm.dll+0x5f7343]
V  [jvm.dll+0x5f7a58]
C  [ntdll.dll+0x6b41d]
C  [ntdll.dll+0x3f77a]
C  [ntdll.dll+0x6aabe]
C  0x000000000ae80f2d

VM_Operation (0x000000000221d530): CollectForMetadataAllocation, mode: safepoint, requested by thread 0x00000000003b2800


---------------  P R O C E S S  ---------------

Threads class SMR info:
_java_thread_list=0x00000000660cfb60, length=16, elements={
0x00000000003b2800, 0x00000000610be800, 0x00000000610bf800, 0x00000000610df000,
0x00000000610e2000, 0x00000000610e3000, 0x00000000610e5000, 0x0000000020527000,
0x000000006107a800, 0x0000000062644000, 0x000000006284b000, 0x0000000062c25000,
0x0000000062d11800, 0x0000000064bc9800, 0x0000000064c25800, 0x0000000064c26800
}

Java Threads: ( => current thread )
  0x00000000003b2800 JavaThread "main" [_thread_blocked, id=2888, stack(0x0000000002120000,0x0000000002220000)]
  0x00000000610be800 JavaThread "Reference Handler" daemon [_thread_blocked, id=5124, stack(0x00000000611c0000,0x00000000612c0000)]
  0x00000000610bf800 JavaThread "Finalizer" daemon [_thread_blocked, id=1352, stack(0x0000000061530000,0x0000000061630000)]
  0x00000000610df000 JavaThread "Signal Dispatcher" daemon [_thread_blocked, id=1552, stack(0x0000000061660000,0x0000000061760000)]
  0x00000000610e2000 JavaThread "Attach Listener" daemon [_thread_blocked, id=5532, stack(0x00000000617c0000,0x00000000618c0000)]
  0x00000000610e3000 JavaThread "Service Thread" daemon [_thread_blocked, id=2580, stack(0x0000000061a60000,0x0000000061b60000)]
  0x00000000610e5000 JavaThread "C1 CompilerThread0" daemon [_thread_blocked, id=2124, stack(0x0000000061ca0000,0x0000000061da0000)]
  0x0000000020527000 JavaThread "Sweeper thread" daemon [_thread_blocked, id=6752, stack(0x0000000061db0000,0x0000000061eb0000)]
  0x000000006107a800 JavaThread "Common-Cleaner" daemon [_thread_blocked, id=3292, stack(0x0000000062350000,0x0000000062450000)]
  0x0000000062644000 JavaThread "Monitor Ctrl-Break" daemon [_thread_in_native, id=4004, stack(0x00000000618d0000,0x00000000619d0000)]
  0x000000006284b000 JavaThread "RMI TCP Accept-0" daemon [_thread_in_native, id=3176, stack(0x00000000634f0000,0x00000000635f0000)]
  0x0000000062c25000 JavaThread "RMI TCP Connection(1)-192.168.1.2" daemon [_thread_in_native, id=2796, stack(0x0000000063d90000,0x0000000063e90000)]
  0x0000000062d11800 JavaThread "RMI Scheduler(0)" daemon [_thread_blocked, id=1804, stack(0x0000000063f80000,0x0000000064080000)]
  0x0000000064bc9800 JavaThread "Catalina-utility-1" [_thread_blocked, id=760, stack(0x00000000640e0000,0x00000000641e0000)]
  0x0000000064c25800 JavaThread "Catalina-utility-2" [_thread_blocked, id=2364, stack(0x0000000067300000,0x0000000067400000)]
  0x0000000064c26800 JavaThread "container-0" [_thread_blocked, id=2900, stack(0x0000000062e00000,0x0000000062f00000)]

Other Threads:
=>0x0000000020522000 VMThread "VM Thread" [stack: 0x00000000612d0000,0x00000000613d0000] [id=4296]
  0x0000000062850000 WatcherThread [stack: 0x0000000063610000,0x0000000063710000] [id=3184]
  0x00000000003cc800 GCTaskThread "GC Thread#0" [stack: 0x000000001a1f0000,0x000000001a2f0000] [id=1148]
  0x0000000062996800 GCTaskThread "GC Thread#1" [stack: 0x00000000633e0000,0x00000000634e0000] [id=5244]
  0x00000000646d7000 GCTaskThread "GC Thread#2" [stack: 0x00000000658a0000,0x00000000659a0000] [id=2920]
  0x00000000646d7800 GCTaskThread "GC Thread#3" [stack: 0x00000000659c0000,0x0000000065ac0000] [id=1644]
  0x00000000003f5800 ConcurrentGCThread "G1 Main Marker" [stack: 0x000000001df00000,0x000000001e000000] [id=4444]
  0x00000000003f7000 ConcurrentGCThread "G1 Conc#0" [stack: 0x000000001e110000,0x000000001e210000] [id=3540]
  0x000000000042f800 ConcurrentGCThread "G1 Refine#0" [stack: 0x00000000206a0000,0x00000000207a0000] [id=1020]
  0x0000000062170800 ConcurrentGCThread "G1 Refine#1" [stack: 0x0000000063a70000,0x0000000063b70000] [id=3596]
  0x0000000020468800 ConcurrentGCThread "G1 Young RemSet Sampling" [stack: 0x0000000020570000,0x0000000020670000] [id=5252]

Threads with active compile tasks:
C1 CompilerThread0   3844 3126       1       org.springframework.context.annotation.CommonAnnotationBeanPostProcessor::lambda$buildResourceMetadata$0 (181 bytes)

VM state:at safepoint (normal execution)

VM Mutex/Monitor currently owned by a thread:  ([mutex/lock_event])
[0x00000000003afb10] Threads_lock - owner thread: 0x0000000020522000
[0x00000000003b02f0] Heap_lock - owner thread: 0x00000000003b2800

Heap address: 0x00000000a0c00000, size: 1524 MB, Compressed Oops mode: 32-bit
Narrow klass base: 0x0000000000000000, Narrow klass shift: 0
Compressed class space size: 1073741824 Address: 0x00000000207a0000

Heap:
 garbage-first heap   total 118784K, used 12216K [0x00000000a0c00000, 0x0000000100000000)
  region size 1024K, 7 young (7168K), 7 survivors (7168K)
 Metaspace       used 31285K, capacity 32442K, committed 32512K, reserved 1085440K
  class space    used 3834K, capacity 4314K, committed 4352K, reserved 1048576K
Heap Regions: E=young(eden), S=young(survivor), O=old, HS=humongous(starts), HC=humongous(continues), CS=collection set, F=free, A=archive, TAMS=top-at-mark-start (previous, next)
|   0|0x00000000a0c00000, 0x00000000a0d00000, 0x00000000a0d00000|100%| O|  |TAMS 0x00000000a0d00000, 0x00000000a0d00000| Untracked 
|   1|0x00000000a0d00000, 0x00000000a0e00000, 0x00000000a0e00000|100%| O|  |TAMS 0x00000000a0e00000, 0x00000000a0e00000| Untracked 
|   2|0x00000000a0e00000, 0x00000000a0f00000, 0x00000000a0f00000|100%| O|  |TAMS 0x00000000a0f00000, 0x00000000a0f00000| Untracked 
|   3|0x00000000a0f00000, 0x00000000a1000000, 0x00000000a1000000|100%| O|  |TAMS 0x00000000a1000000, 0x00000000a1000000| Untracked 
|   4|0x00000000a1000000, 0x00000000a1100000, 0x00000000a1100000|100%| O|  |TAMS 0x00000000a1100000, 0x00000000a1100000| Untracked 
|   5|0x00000000a1100000, 0x00000000a1168e00, 0x00000000a1200000| 40%| O|  |TAMS 0x00000000a1168e00, 0x00000000a1168e00| Untracked 
|   6|0x00000000a1200000, 0x00000000a1200000, 0x00000000a1300000|  0%| F|  |TAMS 0x00000000a1200000, 0x00000000a1200000| Untracked 
|   7|0x00000000a1300000, 0x00000000a1300000, 0x00000000a1400000|  0%| F|  |TAMS 0x00000000a1300000, 0x00000000a1300000| Untracked 
|   8|0x00000000a1400000, 0x00000000a1400000, 0x00000000a1500000|  0%| F|  |TAMS 0x00000000a1400000, 0x00000000a1400000| Untracked 
|   9|0x00000000a1500000, 0x00000000a1500000, 0x00000000a1600000|  0%| F|  |TAMS 0x00000000a1500000, 0x00000000a1500000| Untracked 
|  10|0x00000000a1600000, 0x00000000a1600000, 0x00000000a1700000|  0%| F|  |TAMS 0x00000000a1600000, 0x00000000a1600000| Untracked 
|  11|0x00000000a1700000, 0x00000000a1700000, 0x00000000a1800000|  0%| F|  |TAMS 0x00000000a1700000, 0x00000000a1700000| Untracked 
|  12|0x00000000a1800000, 0x00000000a1800000, 0x00000000a1900000|  0%| F|  |TAMS 0x00000000a1800000, 0x00000000a1800000| Untracked 
|  13|0x00000000a1900000, 0x00000000a1900000, 0x00000000a1a00000|  0%| F|  |TAMS 0x00000000a1900000, 0x00000000a1900000| Untracked 
|  14|0x00000000a1a00000, 0x00000000a1a00000, 0x00000000a1b00000|  0%| F|  |TAMS 0x00000000a1a00000, 0x00000000a1a00000| Untracked 
|  15|0x00000000a1b00000, 0x00000000a1b00000, 0x00000000a1c00000|  0%| F|  |TAMS 0x00000000a1b00000, 0x00000000a1b00000| Untracked 
|  16|0x00000000a1c00000, 0x00000000a1c00000, 0x00000000a1d00000|  0%| F|  |TAMS 0x00000000a1c00000, 0x00000000a1c00000| Untracked 
|  17|0x00000000a1d00000, 0x00000000a1d00000, 0x00000000a1e00000|  0%| F|  |TAMS 0x00000000a1d00000, 0x00000000a1d00000| Untracked 
|  18|0x00000000a1e00000, 0x00000000a1e00000, 0x00000000a1f00000|  0%| F|  |TAMS 0x00000000a1e00000, 0x00000000a1e00000| Untracked 
|  19|0x00000000a1f00000, 0x00000000a1f00000, 0x00000000a2000000|  0%| F|  |TAMS 0x00000000a1f00000, 0x00000000a1f00000| Untracked 
|  20|0x00000000a2000000, 0x00000000a2000000, 0x00000000a2100000|  0%| F|  |TAMS 0x00000000a2000000, 0x00000000a2000000| Untracked 
|  21|0x00000000a2100000, 0x00000000a2100000, 0x00000000a2200000|  0%| F|  |TAMS 0x00000000a2100000, 0x00000000a2100000| Untracked 
|  22|0x00000000a2200000, 0x00000000a2200000, 0x00000000a2300000|  0%| F|  |TAMS 0x00000000a2200000, 0x00000000a2200000| Untracked 
|  23|0x00000000a2300000, 0x00000000a2300000, 0x00000000a2400000|  0%| F|  |TAMS 0x00000000a2300000, 0x00000000a2300000| Untracked 
|  24|0x00000000a2400000, 0x00000000a2400000, 0x00000000a2500000|  0%| F|  |TAMS 0x00000000a2400000, 0x00000000a2400000| Untracked 
|  25|0x00000000a2500000, 0x00000000a2500000, 0x00000000a2600000|  0%| F|  |TAMS 0x00000000a2500000, 0x00000000a2500000| Untracked 
|  26|0x00000000a2600000, 0x00000000a2600000, 0x00000000a2700000|  0%| F|  |TAMS 0x00000000a2600000, 0x00000000a2600000| Untracked 
|  27|0x00000000a2700000, 0x00000000a2700000, 0x00000000a2800000|  0%| F|  |TAMS 0x00000000a2700000, 0x00000000a2700000| Untracked 
|  28|0x00000000a2800000, 0x00000000a2800000, 0x00000000a2900000|  0%| F|  |TAMS 0x00000000a2800000, 0x00000000a2800000| Untracked 
|  29|0x00000000a2900000, 0x00000000a2900000, 0x00000000a2a00000|  0%| F|  |TAMS 0x00000000a2900000, 0x00000000a2900000| Untracked 
|  30|0x00000000a2a00000, 0x00000000a2a00000, 0x00000000a2b00000|  0%| F|  |TAMS 0x00000000a2a00000, 0x00000000a2a00000| Untracked 
|  31|0x00000000a2b00000, 0x00000000a2b00000, 0x00000000a2c00000|  0%| F|  |TAMS 0x00000000a2b00000, 0x00000000a2b00000| Untracked 
|  32|0x00000000a2c00000, 0x00000000a2c00000, 0x00000000a2d00000|  0%| F|  |TAMS 0x00000000a2c00000, 0x00000000a2c00000| Untracked 
|  33|0x00000000a2d00000, 0x00000000a2d00000, 0x00000000a2e00000|  0%| F|  |TAMS 0x00000000a2d00000, 0x00000000a2d00000| Untracked 
|  34|0x00000000a2e00000, 0x00000000a2e00000, 0x00000000a2f00000|  0%| F|  |TAMS 0x00000000a2e00000, 0x00000000a2e00000| Untracked 
|  35|0x00000000a2f00000, 0x00000000a2f00000, 0x00000000a3000000|  0%| F|  |TAMS 0x00000000a2f00000, 0x00000000a2f00000| Untracked 
|  36|0x00000000a3000000, 0x00000000a3000000, 0x00000000a3100000|  0%| F|  |TAMS 0x00000000a3000000, 0x00000000a3000000| Untracked 
|  37|0x00000000a3100000, 0x00000000a3100000, 0x00000000a3200000|  0%| F|  |TAMS 0x00000000a3100000, 0x00000000a3100000| Untracked 
|  38|0x00000000a3200000, 0x00000000a3200000, 0x00000000a3300000|  0%| F|  |TAMS 0x00000000a3200000, 0x00000000a3200000| Untracked 
|  39|0x00000000a3300000, 0x00000000a3300000, 0x00000000a3400000|  0%| F|  |TAMS 0x00000000a3300000, 0x00000000a3300000| Untracked 
|  40|0x00000000a3400000, 0x00000000a3400000, 0x00000000a3500000|  0%| F|  |TAMS 0x00000000a3400000, 0x00000000a3400000| Untracked 
|  41|0x00000000a3500000, 0x00000000a3500000, 0x00000000a3600000|  0%| F|  |TAMS 0x00000000a3500000, 0x00000000a3500000| Untracked 
|  42|0x00000000a3600000, 0x00000000a3600000, 0x00000000a3700000|  0%| F|  |TAMS 0x00000000a3600000, 0x00000000a3600000| Untracked 
|  43|0x00000000a3700000, 0x00000000a3700000, 0x00000000a3800000|  0%| F|  |TAMS 0x00000000a3700000, 0x00000000a3700000| Untracked 
|  44|0x00000000a3800000, 0x00000000a3800000, 0x00000000a3900000|  0%| F|  |TAMS 0x00000000a3800000, 0x00000000a3800000| Untracked 
|  45|0x00000000a3900000, 0x00000000a3900000, 0x00000000a3a00000|  0%| F|  |TAMS 0x00000000a3900000, 0x00000000a3900000| Untracked 
|  46|0x00000000a3a00000, 0x00000000a3a00000, 0x00000000a3b00000|  0%| F|  |TAMS 0x00000000a3a00000, 0x00000000a3a00000| Untracked 
|  47|0x00000000a3b00000, 0x00000000a3b00000, 0x00000000a3c00000|  0%| F|  |TAMS 0x00000000a3b00000, 0x00000000a3b00000| Untracked 
|  48|0x00000000a3c00000, 0x00000000a3c00000, 0x00000000a3d00000|  0%| F|  |TAMS 0x00000000a3c00000, 0x00000000a3c00000| Untracked 
|  49|0x00000000a3d00000, 0x00000000a3d00000, 0x00000000a3e00000|  0%| F|  |TAMS 0x00000000a3d00000, 0x00000000a3d00000| Untracked 
|  50|0x00000000a3e00000, 0x00000000a3e00000, 0x00000000a3f00000|  0%| F|  |TAMS 0x00000000a3e00000, 0x00000000a3e00000| Untracked 
|  51|0x00000000a3f00000, 0x00000000a3f00000, 0x00000000a4000000|  0%| F|  |TAMS 0x00000000a3f00000, 0x00000000a3f00000| Untracked 
|  52|0x00000000a4000000, 0x00000000a4000000, 0x00000000a4100000|  0%| F|  |TAMS 0x00000000a4000000, 0x00000000a4000000| Untracked 
|  53|0x00000000a4100000, 0x00000000a4100000, 0x00000000a4200000|  0%| F|  |TAMS 0x00000000a4100000, 0x00000000a4100000| Untracked 
|  54|0x00000000a4200000, 0x00000000a4200000, 0x00000000a4300000|  0%| F|  |TAMS 0x00000000a4200000, 0x00000000a4200000| Untracked 
|  55|0x00000000a4300000, 0x00000000a4300000, 0x00000000a4400000|  0%| F|  |TAMS 0x00000000a4300000, 0x00000000a4300000| Untracked 
|  56|0x00000000a4400000, 0x00000000a4400000, 0x00000000a4500000|  0%| F|  |TAMS 0x00000000a4400000, 0x00000000a4400000| Untracked 
|  57|0x00000000a4500000, 0x00000000a4585560, 0x00000000a4600000| 52%| S|CS|TAMS 0x00000000a4500000, 0x00000000a4500000| Complete 
|  58|0x00000000a4600000, 0x00000000a4700000, 0x00000000a4700000|100%| S|CS|TAMS 0x00000000a4600000, 0x00000000a4600000| Complete 
|  59|0x00000000a4700000, 0x00000000a4800000, 0x00000000a4800000|100%| S|CS|TAMS 0x00000000a4700000, 0x00000000a4700000| Complete 
|  60|0x00000000a4800000, 0x00000000a4900000, 0x00000000a4900000|100%| S|CS|TAMS 0x00000000a4800000, 0x00000000a4800000| Complete 
|  61|0x00000000a4900000, 0x00000000a4a00000, 0x00000000a4a00000|100%| S|CS|TAMS 0x00000000a4900000, 0x00000000a4900000| Complete 
|  62|0x00000000a4a00000, 0x00000000a4b00000, 0x00000000a4b00000|100%| S|CS|TAMS 0x00000000a4a00000, 0x00000000a4a00000| Complete 
|  63|0x00000000a4b00000, 0x00000000a4c00000, 0x00000000a4c00000|100%| S|CS|TAMS 0x00000000a4b00000, 0x00000000a4b00000| Complete 
|  64|0x00000000a4c00000, 0x00000000a4c00000, 0x00000000a4d00000|  0%| F|  |TAMS 0x00000000a4c00000, 0x00000000a4c00000| Untracked 
|  65|0x00000000a4d00000, 0x00000000a4d00000, 0x00000000a4e00000|  0%| F|  |TAMS 0x00000000a4d00000, 0x00000000a4d00000| Untracked 
|  66|0x00000000a4e00000, 0x00000000a4e00000, 0x00000000a4f00000|  0%| F|  |TAMS 0x00000000a4e00000, 0x00000000a4e00000| Untracked 
|  67|0x00000000a4f00000, 0x00000000a4f00000, 0x00000000a5000000|  0%| F|  |TAMS 0x00000000a4f00000, 0x00000000a4f00000| Untracked 
|  68|0x00000000a5000000, 0x00000000a5000000, 0x00000000a5100000|  0%| F|  |TAMS 0x00000000a5000000, 0x00000000a5000000| Untracked 
|  69|0x00000000a5100000, 0x00000000a5100000, 0x00000000a5200000|  0%| F|  |TAMS 0x00000000a5100000, 0x00000000a5100000| Untracked 
|  70|0x00000000a5200000, 0x00000000a5200000, 0x00000000a5300000|  0%| F|  |TAMS 0x00000000a5200000, 0x00000000a5200000| Untracked 
|  71|0x00000000a5300000, 0x00000000a5300000, 0x00000000a5400000|  0%| F|  |TAMS 0x00000000a5300000, 0x00000000a5300000| Untracked 
|  72|0x00000000a5400000, 0x00000000a5400000, 0x00000000a5500000|  0%| F|  |TAMS 0x00000000a5400000, 0x00000000a5400000| Untracked 
|  73|0x00000000a5500000, 0x00000000a5500000, 0x00000000a5600000|  0%| F|  |TAMS 0x00000000a5500000, 0x00000000a5500000| Untracked 
|  74|0x00000000a5600000, 0x00000000a5600000, 0x00000000a5700000|  0%| F|  |TAMS 0x00000000a5600000, 0x00000000a5600000| Untracked 
|  75|0x00000000a5700000, 0x00000000a5700000, 0x00000000a5800000|  0%| F|  |TAMS 0x00000000a5700000, 0x00000000a5700000| Untracked 
|  76|0x00000000a5800000, 0x00000000a5800000, 0x00000000a5900000|  0%| F|  |TAMS 0x00000000a5800000, 0x00000000a5800000| Untracked 
|  77|0x00000000a5900000, 0x00000000a5900000, 0x00000000a5a00000|  0%| F|  |TAMS 0x00000000a5900000, 0x00000000a5900000| Untracked 
|  78|0x00000000a5a00000, 0x00000000a5a00000, 0x00000000a5b00000|  0%| F|  |TAMS 0x00000000a5a00000, 0x00000000a5a00000| Untracked 
|  79|0x00000000a5b00000, 0x00000000a5b00000, 0x00000000a5c00000|  0%| F|  |TAMS 0x00000000a5b00000, 0x00000000a5b00000| Untracked 
|  80|0x00000000a5c00000, 0x00000000a5c00000, 0x00000000a5d00000|  0%| F|  |TAMS 0x00000000a5c00000, 0x00000000a5c00000| Untracked 
|  81|0x00000000a5d00000, 0x00000000a5d00000, 0x00000000a5e00000|  0%| F|  |TAMS 0x00000000a5d00000, 0x00000000a5d00000| Untracked 
|  82|0x00000000a5e00000, 0x00000000a5e00000, 0x00000000a5f00000|  0%| F|  |TAMS 0x00000000a5e00000, 0x00000000a5e00000| Untracked 
|  83|0x00000000a5f00000, 0x00000000a5f00000, 0x00000000a6000000|  0%| F|  |TAMS 0x00000000a5f00000, 0x00000000a5f00000| Untracked 
|  84|0x00000000a6000000, 0x00000000a6000000, 0x00000000a6100000|  0%| F|  |TAMS 0x00000000a6000000, 0x00000000a6000000| Untracked 
|  85|0x00000000a6100000, 0x00000000a6100000, 0x00000000a6200000|  0%| F|  |TAMS 0x00000000a6100000, 0x00000000a6100000| Untracked 
|  86|0x00000000a6200000, 0x00000000a6200000, 0x00000000a6300000|  0%| F|  |TAMS 0x00000000a6200000, 0x00000000a6200000| Untracked 
|  87|0x00000000a6300000, 0x00000000a6300000, 0x00000000a6400000|  0%| F|  |TAMS 0x00000000a6300000, 0x00000000a6300000| Untracked 
|  88|0x00000000a6400000, 0x00000000a6400000, 0x00000000a6500000|  0%| F|  |TAMS 0x00000000a6400000, 0x00000000a6400000| Untracked 
|  89|0x00000000a6500000, 0x00000000a6500000, 0x00000000a6600000|  0%| F|  |TAMS 0x00000000a6500000, 0x00000000a6500000| Untracked 
|  90|0x00000000a6600000, 0x00000000a6600000, 0x00000000a6700000|  0%| F|  |TAMS 0x00000000a6600000, 0x00000000a6600000| Untracked 
|  91|0x00000000a6700000, 0x00000000a6700000, 0x00000000a6800000|  0%| F|  |TAMS 0x00000000a6700000, 0x00000000a6700000| Untracked 
|  92|0x00000000a6800000, 0x00000000a6800000, 0x00000000a6900000|  0%| F|  |TAMS 0x00000000a6800000, 0x00000000a6800000| Untracked 
|  93|0x00000000a6900000, 0x00000000a6900000, 0x00000000a6a00000|  0%| F|  |TAMS 0x00000000a6900000, 0x00000000a6900000| Untracked 
|  94|0x00000000a6a00000, 0x00000000a6a00000, 0x00000000a6b00000|  0%| F|  |TAMS 0x00000000a6a00000, 0x00000000a6a00000| Untracked 
|  95|0x00000000a6b00000, 0x00000000a6b00000, 0x00000000a6c00000|  0%| F|  |TAMS 0x00000000a6b00000, 0x00000000a6b00000| Untracked 
|  96|0x00000000a6c00000, 0x00000000a6c00000, 0x00000000a6d00000|  0%| F|  |TAMS 0x00000000a6c00000, 0x00000000a6c00000| Untracked 
|  97|0x00000000a6d00000, 0x00000000a6d00000, 0x00000000a6e00000|  0%| F|  |TAMS 0x00000000a6d00000, 0x00000000a6d00000| Untracked 
|  98|0x00000000a6e00000, 0x00000000a6e00000, 0x00000000a6f00000|  0%| F|  |TAMS 0x00000000a6e00000, 0x00000000a6e00000| Untracked 
|  99|0x00000000a6f00000, 0x00000000a6f00000, 0x00000000a7000000|  0%| F|  |TAMS 0x00000000a6f00000, 0x00000000a6f00000| Untracked 
| 100|0x00000000a7000000, 0x00000000a7000000, 0x00000000a7100000|  0%| F|  |TAMS 0x00000000a7000000, 0x00000000a7000000| Untracked 
| 101|0x00000000a7100000, 0x00000000a7100000, 0x00000000a7200000|  0%| F|  |TAMS 0x00000000a7100000, 0x00000000a7100000| Untracked 
| 102|0x00000000a7200000, 0x00000000a7200000, 0x00000000a7300000|  0%| F|  |TAMS 0x00000000a7200000, 0x00000000a7200000| Untracked 
| 103|0x00000000a7300000, 0x00000000a7300000, 0x00000000a7400000|  0%| F|  |TAMS 0x00000000a7300000, 0x00000000a7300000| Untracked 
| 104|0x00000000a7400000, 0x00000000a7400000, 0x00000000a7500000|  0%| F|  |TAMS 0x00000000a7400000, 0x00000000a7400000| Untracked 
| 105|0x00000000a7500000, 0x00000000a7500000, 0x00000000a7600000|  0%| F|  |TAMS 0x00000000a7500000, 0x00000000a7500000| Untracked 
| 106|0x00000000a7600000, 0x00000000a7600000, 0x00000000a7700000|  0%| F|  |TAMS 0x00000000a7600000, 0x00000000a7600000| Untracked 
| 107|0x00000000a7700000, 0x00000000a7700000, 0x00000000a7800000|  0%| F|  |TAMS 0x00000000a7700000, 0x00000000a7700000| Untracked 
| 108|0x00000000a7800000, 0x00000000a7800000, 0x00000000a7900000|  0%| F|  |TAMS 0x00000000a7800000, 0x00000000a7800000| Untracked 
| 109|0x00000000a7900000, 0x00000000a7900000, 0x00000000a7a00000|  0%| F|  |TAMS 0x00000000a7900000, 0x00000000a7900000| Untracked 
| 110|0x00000000a7a00000, 0x00000000a7a00000, 0x00000000a7b00000|  0%| F|  |TAMS 0x00000000a7a00000, 0x00000000a7a00000| Untracked 
| 111|0x00000000a7b00000, 0x00000000a7b00000, 0x00000000a7c00000|  0%| F|  |TAMS 0x00000000a7b00000, 0x00000000a7b00000| Untracked 
| 112|0x00000000a7c00000, 0x00000000a7c00000, 0x00000000a7d00000|  0%| F|  |TAMS 0x00000000a7c00000, 0x00000000a7c00000| Untracked 
| 113|0x00000000a7d00000, 0x00000000a7d00000, 0x00000000a7e00000|  0%| F|  |TAMS 0x00000000a7d00000, 0x00000000a7d00000| Untracked 
| 114|0x00000000a7e00000, 0x00000000a7e00000, 0x00000000a7f00000|  0%| F|  |TAMS 0x00000000a7e00000, 0x00000000a7e00000| Untracked 
| 115|0x00000000a7f00000, 0x00000000a7f00000, 0x00000000a8000000|  0%| F|  |TAMS 0x00000000a7f00000, 0x00000000a7f00000| Untracked 

Card table byte_map: [0x000000001a810000,0x000000001ab10000] _byte_map_base: 0x000000001a30a000

Marking Bits (Prev, Next): (CMBitMap*) 0x00000000003eefc0, (CMBitMap*) 0x00000000003eef88
 Prev Bits: [0x000000001c5e0000, 0x000000001ddb0000)
 Next Bits: [0x000000001ae10000, 0x000000001c5e0000)

Polling page: 0x0000000001f40000

Metaspace:

Usage:
  Non-class:     27.47 MB capacity,    26.81 MB ( 98%) used,   548.73 KB (  2%) free+waste,   127.88 KB ( <1%) overhead. 
      Class:      4.21 MB capacity,     3.74 MB ( 89%) used,   415.11 KB ( 10%) free+waste,    64.81 KB (  2%) overhead. 
       Both:     31.68 MB capacity,    30.55 MB ( 96%) used,   963.84 KB (  3%) free+waste,   192.69 KB ( <1%) overhead. 

Virtual space:
  Non-class space:       36.00 MB reserved,      27.50 MB ( 76%) committed 
      Class space:        1.00 GB reserved,       4.25 MB ( <1%) committed 
             Both:        1.04 GB reserved,      31.75 MB (  3%) committed 

Chunk freelists:
   Non-Class:  32.00 KB
       Class:  6.00 KB
        Both:  38.00 KB

MaxMetaspaceSize: 17179869184.00 GB
CompressedClassSpaceSize: 1.00 GB

CodeHeap 'non-profiled nmethods': size=238912Kb used=4630Kb max_used=4630Kb free=234281Kb
 bounds [0x000000000b530000, 0x000000000b9c0000, 0x0000000019e80000]
CodeHeap 'non-nmethods': size=6848Kb used=1151Kb max_used=1151Kb free=5696Kb
 bounds [0x000000000ae80000, 0x000000000b0f0000, 0x000000000b530000]
 total_blobs=3612 nmethods=3124 adapters=414
 compilation: enabled
              stopped_count=0, restarted_count=0
 full_count=0

Compilation events (20 events):
Event: 3.782 Thread 0x00000000610e5000 nmethod 3116 0x000000000b9b3690 code [0x000000000b9b3840, 0x000000000b9b38f8]
Event: 3.783 Thread 0x00000000610e5000 3117       1       java.lang.reflect.Method::getMethodAccessor (5 bytes)
Event: 3.783 Thread 0x00000000610e5000 nmethod 3117 0x000000000b9b3990 code [0x000000000b9b3b40, 0x000000000b9b3bf8]
Event: 3.783 Thread 0x00000000610e5000 3119       1       java.lang.reflect.Method::setMethodAccessor (21 bytes)
Event: 3.784 Thread 0x00000000610e5000 nmethod 3119 0x000000000b9b3c90 code [0x000000000b9b3e40, 0x000000000b9b4008]
Event: 3.784 Thread 0x00000000610e5000 3118       1       jdk.internal.reflect.NativeMethodAccessorImpl::setParent (6 bytes)
Event: 3.784 Thread 0x00000000610e5000 nmethod 3118 0x000000000b9b4110 code [0x000000000b9b42c0, 0x000000000b9b43b8]
Event: 3.786 Thread 0x00000000610e5000 3120       1       java.util.WeakHashMap::isEmpty (13 bytes)
Event: 3.786 Thread 0x00000000610e5000 nmethod 3120 0x000000000b9b4410 code [0x000000000b9b45c0, 0x000000000b9b46c8]
Event: 3.786 Thread 0x00000000610e5000 3121       1       java.nio.Buffer::capacity (5 bytes)
Event: 3.787 Thread 0x00000000610e5000 nmethod 3121 0x000000000b9b4790 code [0x000000000b9b4940, 0x000000000b9b49f8]
Event: 3.787 Thread 0x00000000610e5000 3122       1       sun.nio.cs.UTF_8$Decoder::decodeLoop (28 bytes)
Event: 3.787 Thread 0x00000000610e5000 nmethod 3122 0x000000000b9b4a90 code [0x000000000b9b4c60, 0x000000000b9b4dd8]
Event: 3.787 Thread 0x00000000610e5000 3123       1       java.lang.Module::getClassLoader (20 bytes)
Event: 3.787 Thread 0x00000000610e5000 nmethod 3123 0x000000000b9b4f10 code [0x000000000b9b50c0, 0x000000000b9b51c8]
Event: 3.794 Thread 0x00000000610e5000 3124       1       java.util.LinkedList::size (5 bytes)
Event: 3.794 Thread 0x00000000610e5000 nmethod 3124 0x000000000b9b5290 code [0x000000000b9b5440, 0x000000000b9b54f8]
Event: 3.808 Thread 0x00000000610e5000 3125       1       org.springframework.context.annotation.CommonAnnotationBeanPostProcessor$$Lambda$424/0x0000000020b13c40::doWith (13 bytes)
Event: 3.808 Thread 0x00000000610e5000 nmethod 3125 0x000000000b9b5590 code [0x000000000b9b5740, 0x000000000b9b5828]
Event: 3.808 Thread 0x00000000610e5000 3126       1       org.springframework.context.annotation.CommonAnnotationBeanPostProcessor::lambda$buildResourceMetadata$0 (181 bytes)

GC Heap History (12 events):
Event: 1.274 GC heap before
{Heap before GC invocations=0 (full 0):
 garbage-first heap   total 98304K, used 14336K [0x00000000a0c00000, 0x0000000100000000)
  region size 1024K, 14 young (14336K), 0 survivors (0K)
 Metaspace       used 13038K, capacity 13291K, committed 13568K, reserved 1060864K
  class space    used 1349K, capacity 1472K, committed 1536K, reserved 1048576K
}
Event: 1.290 GC heap after
{Heap after GC invocations=1 (full 0):
 garbage-first heap   total 98304K, used 5488K [0x00000000a0c00000, 0x0000000100000000)
  region size 1024K, 2 young (2048K), 2 survivors (2048K)
 Metaspace       used 13038K, capacity 13291K, committed 13568K, reserved 1060864K
  class space    used 1349K, capacity 1472K, committed 1536K, reserved 1048576K
}
Event: 1.393 GC heap before
{Heap before GC invocations=1 (full 0):
 garbage-first heap   total 98304K, used 6512K [0x00000000a0c00000, 0x0000000100000000)
  region size 1024K, 4 young (4096K), 2 survivors (2048K)
 Metaspace       used 13528K, capacity 13944K, committed 14208K, reserved 1062912K
  class space    used 1403K, capacity 1542K, committed 1664K, reserved 1048576K
}
Event: 1.398 GC heap after
{Heap after GC invocations=2 (full 0):
 garbage-first heap   total 98304K, used 5917K [0x00000000a0c00000, 0x0000000100000000)
  region size 1024K, 1 young (1024K), 1 survivors (1024K)
 Metaspace       used 13528K, capacity 13944K, committed 14208K, reserved 1062912K
  class space    used 1403K, capacity 1542K, committed 1664K, reserved 1048576K
}
Event: 1.876 GC heap before
{Heap before GC invocations=2 (full 0):
 garbage-first heap   total 98304K, used 22301K [0x00000000a0c00000, 0x0000000100000000)
  region size 1024K, 18 young (18432K), 1 survivors (1024K)
 Metaspace       used 17550K, capacity 18129K, committed 18304K, reserved 1064960K
  class space    used 1965K, capacity 2173K, committed 2176K, reserved 1048576K
}
Event: 1.882 GC heap after
{Heap after GC invocations=3 (full 0):
 garbage-first heap   total 98304K, used 7152K [0x00000000a0c00000, 0x0000000100000000)
  region size 1024K, 2 young (2048K), 2 survivors (2048K)
 Metaspace       used 17550K, capacity 18129K, committed 18304K, reserved 1064960K
  class space    used 1965K, capacity 2173K, committed 2176K, reserved 1048576K
}
Event: 2.243 GC heap before
{Heap before GC invocations=3 (full 0):
 garbage-first heap   total 98304K, used 21488K [0x00000000a0c00000, 0x0000000100000000)
  region size 1024K, 18 young (18432K), 2 survivors (2048K)
 Metaspace       used 20358K, capacity 21101K, committed 21296K, reserved 1069056K
  class space    used 2390K, capacity 2664K, committed 2688K, reserved 1048576K
}
Event: 2.250 GC heap after
{Heap after GC invocations=4 (full 0):
 garbage-first heap   total 98304K, used 8022K [0x00000000a0c00000, 0x0000000100000000)
  region size 1024K, 3 young (3072K), 3 survivors (3072K)
 Metaspace       used 20358K, capacity 21101K, committed 21296K, reserved 1069056K
  class space    used 2390K, capacity 2664K, committed 2688K, reserved 1048576K
}
Event: 3.007 GC heap before
{Heap before GC invocations=5 (full 0):
 garbage-first heap   total 98304K, used 44886K [0x00000000a0c00000, 0x0000000100000000)
  region size 1024K, 39 young (39936K), 3 survivors (3072K)
 Metaspace       used 25139K, capacity 26065K, committed 26240K, reserved 1073152K
  class space    used 3020K, capacity 3386K, committed 3456K, reserved 1048576K
}
Event: 3.017 GC heap after
{Heap after GC invocations=6 (full 0):
 garbage-first heap   total 118784K, used 9910K [0x00000000a0c00000, 0x0000000100000000)
  region size 1024K, 5 young (5120K), 5 survivors (5120K)
 Metaspace       used 25139K, capacity 26065K, committed 26240K, reserved 1073152K
  class space    used 3020K, capacity 3386K, committed 3456K, reserved 1048576K
}
Event: 3.808 GC heap before
{Heap before GC invocations=6 (full 0):
 garbage-first heap   total 118784K, used 62134K [0x00000000a0c00000, 0x0000000100000000)
  region size 1024K, 57 young (58368K), 5 survivors (5120K)
 Metaspace       used 31285K, capacity 32442K, committed 32512K, reserved 1083392K
  class space    used 3834K, capacity 4314K, committed 4352K, reserved 1048576K
}
Event: 3.820 GC heap after
{Heap after GC invocations=7 (full 0):
 garbage-first heap   total 118784K, used 12216K [0x00000000a0c00000, 0x0000000100000000)
  region size 1024K, 7 young (7168K), 7 survivors (7168K)
 Metaspace       used 31285K, capacity 32442K, committed 32512K, reserved 1083392K
  class space    used 3834K, capacity 4314K, committed 4352K, reserved 1048576K
}

Deoptimization events (0 events):
No events

Classes redefined (0 events):
No events

Internal exceptions (20 events):
Event: 3.421 Thread 0x00000000003b2800 Exception <a 'java/lang/ClassNotFoundException'{0x00000000a6bb7eb0}: org/springframework/aop/framework/autoproxy/AbstractAdvisorAutoProxyCreatorCustomizer> (0x00000000a6bb7eb0) thrown at [./src/hotspot/share/classfile/systemDictionary.cpp, line 231]
Event: 3.422 Thread 0x00000000003b2800 Exception <a 'java/lang/ClassNotFoundException'{0x00000000a6bce5c8}: org/springframework/aop/framework/autoproxy/InfrastructureAdvisorAutoProxyCreatorCustomizer> (0x00000000a6bce5c8) thrown at [./src/hotspot/share/classfile/systemDictionary.cpp, line 231]
Event: 3.423 Thread 0x00000000003b2800 Exception <a 'java/lang/ClassNotFoundException'{0x00000000a6bef4f0}: org/springframework/beans/factory/config/SmartInstantiationAwareBeanPostProcessorCustomizer> (0x00000000a6bef4f0) thrown at [./src/hotspot/share/classfile/systemDictionary.cpp, line 231]
Event: 3.424 Thread 0x00000000003b2800 Exception <a 'java/lang/ClassNotFoundException'{0x00000000a6a05428}: org/springframework/beans/factory/config/InstantiationAwareBeanPostProcessorCustomizer> (0x00000000a6a05428) thrown at [./src/hotspot/share/classfile/systemDictionary.cpp, line 231]
Event: 3.424 Thread 0x00000000003b2800 Exception <a 'java/lang/ClassNotFoundException'{0x00000000a6a18988}: org/springframework/beans/factory/config/BeanPostProcessorCustomizer> (0x00000000a6a18988) thrown at [./src/hotspot/share/classfile/systemDictionary.cpp, line 231]
Event: 3.425 Thread 0x00000000003b2800 Exception <a 'java/lang/ClassNotFoundException'{0x00000000a6a28c28}: org/springframework/beans/factory/BeanFactoryAwareCustomizer> (0x00000000a6a28c28) thrown at [./src/hotspot/share/classfile/systemDictionary.cpp, line 231]
Event: 3.425 Thread 0x00000000003b2800 Exception <a 'java/lang/ClassNotFoundException'{0x00000000a6a37668}: org/springframework/beans/factory/AwareCustomizer> (0x00000000a6a37668) thrown at [./src/hotspot/share/classfile/systemDictionary.cpp, line 231]
Event: 3.426 Thread 0x00000000003b2800 Exception <a 'java/lang/ClassNotFoundException'{0x00000000a6a43ea0}: org/springframework/core/OrderedCustomizer> (0x00000000a6a43ea0) thrown at [./src/hotspot/share/classfile/systemDictionary.cpp, line 231]
Event: 3.426 Thread 0x00000000003b2800 Exception <a 'java/lang/ClassNotFoundException'{0x00000000a6a539f8}: org/springframework/beans/factory/BeanClassLoaderAwareCustomizer> (0x00000000a6a539f8) thrown at [./src/hotspot/share/classfile/systemDictionary.cpp, line 231]
Event: 3.427 Thread 0x00000000003b2800 Exception <a 'java/lang/ClassNotFoundException'{0x00000000a6a61ad0}: org/springframework/beans/factory/AwareCustomizer> (0x00000000a6a61ad0) thrown at [./src/hotspot/share/classfile/systemDictionary.cpp, line 231]
Event: 3.427 Thread 0x00000000003b2800 Exception <a 'java/lang/ClassNotFoundException'{0x00000000a6a70af8}: org/springframework/aop/framework/AopInfrastructureBeanCustomizer> (0x00000000a6a70af8) thrown at [./src/hotspot/share/classfile/systemDictionary.cpp, line 231]
Event: 3.454 Thread 0x00000000003b2800 Exception <a 'java/lang/NoSuchMethodError'{0x00000000a69ec4d0}: 'int java.lang.invoke.DirectMethodHandle$Holder.invokeSpecial(java.lang.Object, java.lang.Object, java.lang.Object, java.lang.Object, java.lang.Object)'> (0x00000000a69ec4d0) thrown at [./src/hotspot/share/interpreter/linkResolver.cpp, line 773]
Event: 3.518 Thread 0x00000000003b2800 Exception <a 'java/lang/NoSuchMethodError'{0x00000000a6507240}: 'void java.lang.invoke.DirectMethodHandle$Holder.invokeInterface(java.lang.Object, java.lang.Object, int)'> (0x00000000a6507240) thrown at [./src/hotspot/share/interpreter/linkResolver.cpp, line 773]
Event: 3.519 Thread 0x00000000003b2800 Exception <a 'java/lang/NoSuchMethodError'{0x00000000a651f2f8}: 'int java.lang.invoke.DirectMethodHandle$Holder.invokeVirtual(java.lang.Object, java.lang.Object)'> (0x00000000a651f2f8) thrown at [./src/hotspot/share/interpreter/linkResolver.cpp, line 773]
Event: 3.522 Thread 0x00000000003b2800 Exception <a 'java/lang/IncompatibleClassChangeError'{0x00000000a65553c8}: Found class java.lang.Object, but interface was expected> (0x00000000a65553c8) thrown at [./src/hotspot/share/interpreter/linkResolver.cpp, line 839]
Event: 3.523 Thread 0x00000000003b2800 Exception <a 'java/lang/NoSuchMethodError'{0x00000000a655a270}: 'void java.lang.invoke.DirectMethodHandle$Holder.invokeStatic(java.lang.Object, int, java.lang.Object)'> (0x00000000a655a270) thrown at [./src/hotspot/share/interpreter/linkResolver.cpp, line 773]
Event: 3.728 Thread 0x00000000003b2800 Exception <a 'java/io/FileNotFoundException'{0x00000000a51a8ea0}> (0x00000000a51a8ea0) thrown at [./src/hotspot/share/prims/jni.cpp, line 615]
Event: 3.734 Thread 0x0000000062c25000 Exception <a 'java/lang/reflect/InvocationTargetException'{0x00000000a7696918}> (0x00000000a7696918) thrown at [./src/hotspot/share/runtime/reflection.cpp, line 1247]
Event: 3.756 Thread 0x00000000003b2800 Exception <a 'java/lang/NoSuchMethodError'{0x00000000a4f7d878}: 'int java.lang.invoke.DirectMethodHandle$Holder.invokeInterface(java.lang.Object, java.lang.Object, java.lang.Object, java.lang.Object)'> (0x00000000a4f7d878) thrown at [./src/hotspot/share/interpreter/linkResolver.cpp, line 773]
Event: 3.794 Thread 0x00000000003b2800 Exception <a 'java/io/FileNotFoundException'{0x00000000a4dc3558}> (0x00000000a4dc3558) thrown at [./src/hotspot/share/prims/jni.cpp, line 615]

Events (20 events):
Event: 3.803 loading class org/apache/naming/LocalStrings_ru_RU done
Event: 3.804 loading class org/apache/naming/ContextAccessController
Event: 3.804 loading class org/apache/naming/ContextAccessController done
Event: 3.804 loading class org/springframework/boot/web/embedded/tomcat/TomcatWebServer$1
Event: 3.804 loading class org/springframework/boot/web/embedded/tomcat/TomcatWebServer$1 done
Event: 3.805 Thread 0x0000000064c26800 Thread added: 0x0000000064c26800
Event: 3.805 loading class org/springframework/boot/web/context/WebServerGracefulShutdownLifecycle
Event: 3.805 loading class org/springframework/boot/web/context/WebServerGracefulShutdownLifecycle done
Event: 3.805 loading class org/springframework/context/SmartLifecycle
Event: 3.805 loading class org/springframework/context/SmartLifecycle done
Event: 3.806 loading class org/springframework/context/Phased
Event: 3.806 loading class org/springframework/context/Phased done
Event: 3.806 loading class org/springframework/boot/web/servlet/context/WebServerStartStopLifecycle
Event: 3.806 loading class org/springframework/boot/web/servlet/context/WebServerStartStopLifecycle done
Event: 3.806 loading class org/springframework/web/context/support/ServletContextPropertySource
Event: 3.806 loading class org/springframework/web/context/support/ServletContextPropertySource done
Event: 3.807 loading class org/springframework/context/weaving/LoadTimeWeaverAware
Event: 3.807 loading class org/springframework/context/weaving/LoadTimeWeaverAware done
Event: 3.808 loading class jdk/internal/reflect/UnsafeObjectFieldAccessorImpl
Event: 3.808 Executing VM operation: CollectForMetadataAllocation


Dynamic libraries:
0x000000013f940000 - 0x000000013f94d000 	C:\Users\Bublic\.jdks\adopt-openjdk-11.0.11\bin\java.exe
0x00000000778a0000 - 0x0000000077a3f000 	C:\Windows\SYSTEM32\ntdll.dll
0x0000000077780000 - 0x00000000778a0000 	C:\Windows\system32\kernel32.dll
0x000007fefd500000 - 0x000007fefd567000 	C:\Windows\system32\KERNELBASE.dll
0x000007fef0ee0000 - 0x000007fef0ef7000 	C:\Users\Bublic\.jdks\adopt-openjdk-11.0.11\bin\jli.dll
0x000007fefbe20000 - 0x000007fefc015000 	C:\Windows\WinSxS\amd64_microsoft.windows.common-controls_6595b64144ccf1df_6.0.7601.24483_none_e372d88f30fbb845\COMCTL32.dll
0x000007fefd8b0000 - 0x000007fefd94f000 	C:\Windows\system32\msvcrt.dll
0x000007feff4c0000 - 0x000007feff528000 	C:\Windows\system32\GDI32.dll
0x0000000077680000 - 0x000000007777b000 	C:\Windows\system32\USER32.dll
0x000007feff7b0000 - 0x000007feff7be000 	C:\Windows\system32\LPK.dll
0x000007feff6e0000 - 0x000007feff7ab000 	C:\Windows\system32\USP10.dll
0x000007feff530000 - 0x000007feff5a1000 	C:\Windows\system32\SHLWAPI.dll
0x000007fef0ec0000 - 0x000007fef0ed5000 	C:\Users\Bublic\.jdks\adopt-openjdk-11.0.11\bin\VCRUNTIME140.dll
0x000007fefa6c0000 - 0x000007fefa6c4000 	C:\Users\Bublic\.jdks\adopt-openjdk-11.0.11\bin\api-ms-win-crt-runtime-l1-1-0.dll
0x000007fef0650000 - 0x000007fef074a000 	C:\Users\Bublic\.jdks\adopt-openjdk-11.0.11\bin\ucrtbase.DLL
0x000007fef0e60000 - 0x000007fef0e63000 	C:\Users\Bublic\.jdks\adopt-openjdk-11.0.11\bin\api-ms-win-core-localization-l1-2-0.dll
0x000007fef0e50000 - 0x000007fef0e53000 	C:\Users\Bublic\.jdks\adopt-openjdk-11.0.11\bin\api-ms-win-core-processthreads-l1-1-1.dll
0x000007fef0e40000 - 0x000007fef0e43000 	C:\Users\Bublic\.jdks\adopt-openjdk-11.0.11\bin\api-ms-win-core-file-l1-2-0.dll
0x000007fef0e30000 - 0x000007fef0e33000 	C:\Users\Bublic\.jdks\adopt-openjdk-11.0.11\bin\api-ms-win-core-timezone-l1-1-0.dll
0x000007fef0e20000 - 0x000007fef0e23000 	C:\Users\Bublic\.jdks\adopt-openjdk-11.0.11\bin\api-ms-win-core-file-l2-1-0.dll
0x000007fef0e10000 - 0x000007fef0e13000 	C:\Users\Bublic\.jdks\adopt-openjdk-11.0.11\bin\api-ms-win-core-synch-l1-2-0.dll
0x000007fef0e00000 - 0x000007fef0e03000 	C:\Users\Bublic\.jdks\adopt-openjdk-11.0.11\bin\api-ms-win-crt-heap-l1-1-0.dll
0x000007fef0df0000 - 0x000007fef0df4000 	C:\Users\Bublic\.jdks\adopt-openjdk-11.0.11\bin\api-ms-win-crt-string-l1-1-0.dll
0x000007fef0dc0000 - 0x000007fef0dc4000 	C:\Users\Bublic\.jdks\adopt-openjdk-11.0.11\bin\api-ms-win-crt-stdio-l1-1-0.dll
0x000007fef0db0000 - 0x000007fef0db4000 	C:\Users\Bublic\.jdks\adopt-openjdk-11.0.11\bin\api-ms-win-crt-convert-l1-1-0.dll
0x000007fef0da0000 - 0x000007fef0da3000 	C:\Users\Bublic\.jdks\adopt-openjdk-11.0.11\bin\api-ms-win-crt-environment-l1-1-0.dll
0x000007fef0d90000 - 0x000007fef0d93000 	C:\Users\Bublic\.jdks\adopt-openjdk-11.0.11\bin\api-ms-win-crt-filesystem-l1-1-0.dll
0x000007fef0d80000 - 0x000007fef0d85000 	C:\Users\Bublic\.jdks\adopt-openjdk-11.0.11\bin\api-ms-win-crt-math-l1-1-0.dll
0x000007fef0d70000 - 0x000007fef0d73000 	C:\Users\Bublic\.jdks\adopt-openjdk-11.0.11\bin\api-ms-win-crt-locale-l1-1-0.dll
0x000007feff290000 - 0x000007feff2be000 	C:\Windows\system32\IMM32.DLL
0x000007fefd950000 - 0x000007fefda5b000 	C:\Windows\system32\MSCTF.dll
0x000007fef05b0000 - 0x000007fef064b000 	C:\Users\Bublic\.jdks\adopt-openjdk-11.0.11\bin\msvcp140.dll
0x000007fef0d60000 - 0x000007fef0d63000 	C:\Users\Bublic\.jdks\adopt-openjdk-11.0.11\bin\api-ms-win-crt-time-l1-1-0.dll
0x000007fef0d50000 - 0x000007fef0d53000 	C:\Users\Bublic\.jdks\adopt-openjdk-11.0.11\bin\api-ms-win-crt-utility-l1-1-0.dll
0x000007feeeff0000 - 0x000007feefb3b000 	C:\Users\Bublic\.jdks\adopt-openjdk-11.0.11\bin\server\jvm.dll
0x000007fefd7d0000 - 0x000007fefd8ab000 	C:\Windows\system32\ADVAPI32.dll
0x000007fefd7b0000 - 0x000007fefd7cf000 	C:\Windows\SYSTEM32\sechost.dll
0x000007feff5b0000 - 0x000007feff6dc000 	C:\Windows\system32\RPCRT4.dll
0x000007fef8ad0000 - 0x000007fef8ad9000 	C:\Windows\system32\WSOCK32.dll
0x000007fefdf10000 - 0x000007fefdf5d000 	C:\Windows\system32\WS2_32.dll
0x000007feff140000 - 0x000007feff148000 	C:\Windows\system32\NSI.dll
0x000007fefb1c0000 - 0x000007fefb1fb000 	C:\Windows\system32\WINMM.dll
0x000007fefc4b0000 - 0x000007fefc4bc000 	C:\Windows\system32\VERSION.dll
0x0000000077a50000 - 0x0000000077a57000 	C:\Windows\system32\PSAPI.DLL
0x000007fef0d40000 - 0x000007fef0d50000 	C:\Users\Bublic\.jdks\adopt-openjdk-11.0.11\bin\verify.dll
0x000007fef93a0000 - 0x000007fef94c5000 	C:\Windows\system32\DBGHELP.DLL
0x000007fef0d10000 - 0x000007fef0d38000 	C:\Users\Bublic\.jdks\adopt-openjdk-11.0.11\bin\java.dll
0x000007fef0d00000 - 0x000007fef0d0a000 	C:\Users\Bublic\.jdks\adopt-openjdk-11.0.11\bin\jimage.dll
0x000007fef05a0000 - 0x000007fef05ae000 	C:\Users\Bublic\.jdks\adopt-openjdk-11.0.11\bin\instrument.dll
0x000007fef04f0000 - 0x000007fef0507000 	C:\Users\Bublic\.jdks\adopt-openjdk-11.0.11\bin\zip.dll
0x000007fefe3b0000 - 0x000007feff13b000 	C:\Windows\system32\SHELL32.dll
0x000007feff2c0000 - 0x000007feff4c0000 	C:\Windows\system32\ole32.dll
0x000007fefd400000 - 0x000007fefd40f000 	C:\Windows\system32\profapi.dll
0x000007fef0370000 - 0x000007fef0389000 	C:\Users\Bublic\.jdks\adopt-openjdk-11.0.11\bin\net.dll
0x000007fef91d0000 - 0x000007fef9241000 	C:\Windows\system32\WINHTTP.dll
0x000007fef9160000 - 0x000007fef91c5000 	C:\Windows\system32\webio.dll
0x000007fefcb30000 - 0x000007fefcb85000 	C:\Windows\system32\mswsock.dll
0x000007fefcb20000 - 0x000007fefcb27000 	C:\Windows\System32\wship6.dll
0x000007fef0350000 - 0x000007fef0362000 	C:\Users\Bublic\.jdks\adopt-openjdk-11.0.11\bin\nio.dll
0x000007fef0330000 - 0x000007fef034a000 	E:\Program\IntelliJ IDEA 2021.1.2\bin\breakgen64.dll
0x000007fefc580000 - 0x000007fefc587000 	C:\Windows\System32\wshtcpip.dll
0x000007fefc9a0000 - 0x000007fefc9fb000 	C:\Windows\system32\DNSAPI.dll
0x000007fefade0000 - 0x000007fefae07000 	C:\Windows\system32\IPHLPAPI.DLL
0x000007fefadc0000 - 0x000007fefadcb000 	C:\Windows\system32\WINNSI.DLL
0x000007fef8160000 - 0x000007fef8168000 	C:\Windows\system32\rasadhlp.dll
0x000007fefabc0000 - 0x000007fefac13000 	C:\Windows\System32\fwpuclnt.dll
0x000007fef0590000 - 0x000007fef0599000 	C:\Users\Bublic\.jdks\adopt-openjdk-11.0.11\bin\management.dll
0x000007fef04e0000 - 0x000007fef04eb000 	C:\Users\Bublic\.jdks\adopt-openjdk-11.0.11\bin\management_ext.dll
0x000007fefcb90000 - 0x000007fefcba8000 	C:\Windows\system32\CRYPTSP.dll
0x000007fefc870000 - 0x000007fefc8b7000 	C:\Windows\system32\rsaenh.dll
0x000007fefd4e0000 - 0x000007fefd4ff000 	C:\Windows\system32\USERENV.dll
0x000007fefd290000 - 0x000007fefd29f000 	C:\Windows\system32\CRYPTBASE.dll
0x000007fefaaa0000 - 0x000007fefaab8000 	C:\Windows\system32\dhcpcsvc.DLL
0x000007fefaa70000 - 0x000007fefaa81000 	C:\Windows\system32\dhcpcsvc6.DLL
0x000007fefafb0000 - 0x000007fefafc5000 	C:\Windows\system32\NLAapi.dll
0x000007fef7720000 - 0x000007fef7735000 	C:\Windows\system32\napinsp.dll
0x000007fef7700000 - 0x000007fef7719000 	C:\Windows\system32\pnrpnsp.dll
0x000007fef76f0000 - 0x000007fef7700000 	C:\Windows\system32\wshbth.dll
0x000007fef76e0000 - 0x000007fef76eb000 	C:\Windows\System32\winrnr.dll

dbghelp: loaded successfully - version: 4.0.5 - missing functions: none
symbol engine: initialized successfully - sym options: 0x614 - pdb path: .;C:\Users\Bublic\.jdks\adopt-openjdk-11.0.11\bin;C:\Windows\SYSTEM32;C:\Windows\WinSxS\amd64_microsoft.windows.common-controls_6595b64144ccf1df_6.0.7601.24483_none_e372d88f30fbb845;C:\Users\Bublic\.jdks\adopt-openjdk-11.0.11\bin\server;E:\Program\IntelliJ IDEA 2021.1.2\bin

VM Arguments:
jvm_args: -XX:TieredStopAtLevel=1 -Xverify:none -Dspring.output.ansi.enabled=always -javaagent:E:\Program\IntelliJ IDEA 2021.1.2\lib\idea_rt.jar=61417:E:\Program\IntelliJ IDEA 2021.1.2\bin -Dcom.sun.management.jmxremote -Dspring.jmx.enabled=true -Dspring.liveBeansView.mbeanDomain -Dspring.application.admin.enabled=true -Dfile.encoding=UTF-8 
java_command: com.telegrambots.firstcook.FirstCookApplication
java_class_path (initial): C:\Users\Bublic\IdeaProjects\FirstCook\target\classes;C:\Users\Bublic\.m2\repository\org\springframework\boot\spring-boot-starter-web\2.5.3\spring-boot-starter-web-2.5.3.jar;C:\Users\Bublic\.m2\repository\org\springframework\boot\spring-boot-starter\2.5.3\spring-boot-starter-2.5.3.jar;C:\Users\Bublic\.m2\repository\org\springframework\boot\spring-boot-starter-logging\2.5.3\spring-boot-starter-logging-2.5.3.jar;C:\Users\Bublic\.m2\repository\ch\qos\logback\logback-classic\1.2.4\logback-classic-1.2.4.jar;C:\Users\Bublic\.m2\repository\ch\qos\logback\logback-core\1.2.4\logback-core-1.2.4.jar;C:\Users\Bublic\.m2\repository\org\apache\logging\log4j\log4j-to-slf4j\2.14.1\log4j-to-slf4j-2.14.1.jar;C:\Users\Bublic\.m2\repository\org\apache\logging\log4j\log4j-api\2.14.1\log4j-api-2.14.1.jar;C:\Users\Bublic\.m2\repository\org\slf4j\jul-to-slf4j\1.7.32\jul-to-slf4j-1.7.32.jar;C:\Users\Bublic\.m2\repository\jakarta\annotation\jakarta.annotation-api\1.3.5\jakarta.annotation-api-1.3.5.jar;C:\Users\Bublic\.m2\repository\org\yaml\snakeyaml\1.28\snakeyaml-1.28.jar;C:\Users\Bublic\.m2\repository\org\springframework\boot\spring-boot-starter-json\2.5.3\spring-boot-starter-json-2.5.3.jar;C:\Users\Bublic\.m2\repository\com\fasterxml\jackson\datatype\jackson-datatype-jdk8\2.12.4\jackson-datatype-jdk8-2.12.4.jar;C:\Users\Bublic\.m2\repository\com\fasterxml\jackson\datatype\jackson-datatype-jsr310\2.12.4\jackson-datatype-jsr310-2.12.4.jar;C:\Users\Bublic\.m2\repository\com\fasterxml\jackson\module\jackson-module-parameter-names\2.12.4\jackson-module-parameter-names-2.12.4.jar;C:\Users\Bublic\.m2\repository\org\springframework\boot\spring-boot-starter-tomcat\2.5.3\spring-boot-starter-tomcat-2.5.3.jar;C:\Users\Bublic\.m2\repository\org\apache\tomcat\embed\tomcat-embed-core\9.0.50\tomcat-embed-core-9.0.50.jar;C:\Users\Bublic\.m2\repository\org\apache\tomcat\embed\tomcat-embed-el\9.0.50\tomcat-embed-el-9.0.50.jar;C:\Users\Bublic\.m2\repository\org\apache\tomcat\emb
Launcher Type: SUN_STANDARD

[Global flags]
     bool BytecodeVerificationLocal                = false                                     {product} {command line}
     bool BytecodeVerificationRemote               = false                                     {product} {command line}
     intx CICompilerCount                          = 3                                         {product} {ergonomic}
     uint ConcGCThreads                            = 1                                         {product} {ergonomic}
     uint G1ConcRefinementThreads                  = 4                                         {product} {ergonomic}
   size_t G1HeapRegionSize                         = 1048576                                   {product} {ergonomic}
    uintx GCDrainStackTargetSize                   = 64                                        {product} {ergonomic}
   size_t InitialHeapSize                          = 100663296                                 {product} {ergonomic}
     bool ManagementServer                         = true                                      {product} {command line}
   size_t MarkStackSize                            = 4194304                                   {product} {ergonomic}
   size_t MaxHeapSize                              = 1598029824                                {product} {ergonomic}
   size_t MaxNewSize                               = 958398464                                 {product} {ergonomic}
   size_t MinHeapDeltaBytes                        = 1048576                                   {product} {ergonomic}
    uintx NonNMethodCodeHeapSize                   = 6973028                                {pd product} {ergonomic}
    uintx NonProfiledCodeHeapSize                  = 244685212                              {pd product} {ergonomic}
    uintx ProfiledCodeHeapSize                     = 0                                      {pd product} {ergonomic}
    uintx ReservedCodeCacheSize                    = 251658240                              {pd product} {ergonomic}
     bool SegmentedCodeCache                       = true                                      {product} {ergonomic}
     intx TieredStopAtLevel                        = 1                                         {product} {command line}
     bool UseCompressedClassPointers               = true                                 {lp64_product} {ergonomic}
     bool UseCompressedOops                        = true                                 {lp64_product} {ergonomic}
     bool UseG1GC                                  = true                                      {product} {ergonomic}
     bool UseLargePagesIndividualAllocation        = false                                  {pd product} {ergonomic}

Logging:
Log output configuration:
 #0: stdout all=warning uptime,level,tags
 #1: stderr all=off uptime,level,tags

Environment Variables:
PATH=C:\Windows\system32;C:\Windows;C:\Windows\System32\Wbem;C:\Windows\System32\WindowsPowerShell\v1.0\;C:\Program Files\Git\cmd;C:\Program Files\heroku\bin
USERNAME=Bublic
OS=Windows_NT
PROCESSOR_IDENTIFIER=Intel64 Family 6 Model 42 Stepping 7, GenuineIntel



---------------  S Y S T E M  ---------------

OS: Windows 7 , 64 bit Build 7601 (6.1.7601.24565)
OS uptime: 0 days 3:13 hours

CPU:total 4 (initial active 4) (2 cores per cpu, 2 threads per core) family 6 model 42 stepping 7 microcode 0x0, cmov, cx8, fxsr, mmx, sse, sse2, sse3, ssse3, sse4.1, sse4.2, popcnt, avx, aes, clmul, ht, tsc, tscinvbit

Memory: 4k page, system-wide physical 6091M (1025M free)
TotalPageFile size 8138M (AvailPageFile size 20M)
current process WorkingSet (physical memory assigned to process): 146M, peak: 146M
current process commit charge ("private bytes"): 235M, peak: 236M

vm_info: OpenJDK 64-Bit Server VM (11.0.11+9) for windows-amd64 JRE (11.0.11+9), built on Apr 20 2021 21:22:09 by "" with MS VC++ 15.9 (VS2017)

END.
