#
# There is insufficient memory for the Java Runtime Environment to continue.
# Native memory allocation (malloc) failed to allocate 812496 bytes for Chunk::new
# Possible reasons:
#   The system is out of physical RAM or swap space
#   The process is running with CompressedOops enabled, and the Java Heap may be blocking the growth of the native heap
# Possible solutions:
#   Reduce memory load on the system
#   Increase physical memory or swap space
#   Check if swap backing store is full
#   Decrease Java heap size (-Xmx/-Xms)
#   Decrease number of Java threads
#   Decrease Java thread stack sizes (-Xss)
#   Set larger code cache with -XX:ReservedCodeCacheSize=
#   JVM is running with Unscaled Compressed Oops mode in which the Java heap is
#     placed in the first 4GB address space. The Java Heap base address is the
#     maximum limit for the native heap growth. Please use -XX:HeapBaseMinAddress
#     to set the Java Heap base and to place the Java Heap above 4GB virtual address.
# This output file may be truncated or incomplete.
#
#  Out of Memory Error (./src/hotspot/share/memory/arena.cpp:197), pid=5668, tid=680
#
# JRE version: OpenJDK Runtime Environment AdoptOpenJDK-11.0.11+9 (11.0.11+9) (build 11.0.11+9)
# Java VM: OpenJDK 64-Bit Server VM AdoptOpenJDK-11.0.11+9 (11.0.11+9, mixed mode, tiered, compressed oops, g1 gc, windows-amd64)
# No core dump will be written. Minidumps are not enabled by default on client versions of Windows
#

---------------  S U M M A R Y ------------

Command Line: C:\Users\Bublic\AppData\Local\Temp\surefire4135586455995809367\surefirebooter5680831961110521827.jar C:\Users\Bublic\AppData\Local\Temp\surefire4135586455995809367 2021-07-29T17-15-20_039-jvmRun1 surefire11203602154337976675tmp surefire_04796654237764914173tmp

Host: Intel(R) Core(TM) i5-2410M CPU @ 2.30GHz, 4 cores, 5G,  Windows 7 , 64 bit Build 7601 (6.1.7601.24565)
Time: Thu Jul 29 17:15:26 2021 Iu?oaoiaeaianeia a?aiy (ceia) elapsed time: 3.046927 seconds (0d 0h 0m 3s)

---------------  T H R E A D  ---------------

Current thread (0x00000000612b6000):  JavaThread "C2 CompilerThread0" daemon [_thread_in_native, id=680, stack(0x00000000616b0000,0x00000000617b0000)]


Current CompileTask:
C2:   3046 2076  s!   4       jdk.internal.loader.URLClassPath::getLoader (194 bytes)

Stack: [0x00000000616b0000,0x00000000617b0000]
Native frames: (J=compiled Java code, j=interpreted, Vv=VM code, C=native code)
V  [jvm.dll+0x5f7e5a]
V  [jvm.dll+0x77ff2e]
V  [jvm.dll+0x7815ff]
V  [jvm.dll+0x781cc3]
V  [jvm.dll+0x247408]
V  [jvm.dll+0xbe69c]
V  [jvm.dll+0xbed9c]
V  [jvm.dll+0x34cb02]
V  [jvm.dll+0x31a653]
V  [jvm.dll+0x31998a]
V  [jvm.dll+0x200d85]
V  [jvm.dll+0x1fff6f]
V  [jvm.dll+0x184f1c]
V  [jvm.dll+0x20f3e7]
V  [jvm.dll+0x20d5cb]
V  [jvm.dll+0x7442f9]
V  [jvm.dll+0x73d364]
V  [jvm.dll+0x5f6cd6]
C  [ucrtbase.DLL+0x1c1ae]
C  [kernel32.dll+0x155dd]
C  [ntdll.dll+0x52b1d]


---------------  P R O C E S S  ---------------

Threads class SMR info:
_java_thread_list=0x0000000065d955b0, length=14, elements={
0x0000000000483800, 0x000000006128e000, 0x0000000061297800, 0x00000000612ab800,
0x00000000612af000, 0x00000000612b0000, 0x00000000612b6000, 0x00000000612b8800,
0x00000000612ba000, 0x0000000062101800, 0x000000006217f800, 0x000000006236b800,
0x0000000062deb800, 0x0000000063ce6000
}

Java Threads: ( => current thread )
  0x0000000000483800 JavaThread "main" [_thread_in_Java, id=2472, stack(0x0000000002240000,0x0000000002340000)]
  0x000000006128e000 JavaThread "Reference Handler" daemon [_thread_blocked, id=3764, stack(0x0000000061580000,0x0000000061680000)]
  0x0000000061297800 JavaThread "Finalizer" daemon [_thread_blocked, id=5172, stack(0x0000000020770000,0x0000000020870000)]
  0x00000000612ab800 JavaThread "Signal Dispatcher" daemon [_thread_blocked, id=5192, stack(0x00000000617f0000,0x00000000618f0000)]
  0x00000000612af000 JavaThread "Attach Listener" daemon [_thread_blocked, id=2496, stack(0x00000000618f0000,0x00000000619f0000)]
  0x00000000612b0000 JavaThread "Service Thread" daemon [_thread_blocked, id=5644, stack(0x0000000061ae0000,0x0000000061be0000)]
=>0x00000000612b6000 JavaThread "C2 CompilerThread0" daemon [_thread_in_native, id=680, stack(0x00000000616b0000,0x00000000617b0000)]
  0x00000000612b8800 JavaThread "C1 CompilerThread0" daemon [_thread_blocked, id=3524, stack(0x0000000061c50000,0x0000000061d50000)]
  0x00000000612ba000 JavaThread "Sweeper thread" daemon [_thread_blocked, id=3940, stack(0x0000000061f20000,0x0000000062020000)]
  0x0000000062101800 JavaThread "Common-Cleaner" daemon [_thread_blocked, id=3520, stack(0x0000000061db0000,0x0000000061eb0000)]
  0x000000006217f800 JavaThread "surefire-forkedjvm-command-thread" daemon [_thread_in_native, id=3672, stack(0x00000000628b0000,0x00000000629b0000)]
  0x000000006236b800 JavaThread "surefire-forkedjvm-ping-30s" daemon [_thread_blocked, id=5908, stack(0x0000000062a20000,0x0000000062b20000)]
  0x0000000062deb800 JavaThread "C2 CompilerThread1" daemon [_thread_in_native, id=2092, stack(0x00000000627a0000,0x00000000628a0000)]
  0x0000000063ce6000 JavaThread "background-preinit" [_thread_in_Java, id=4700, stack(0x0000000065830000,0x0000000065930000)]

Other Threads:
  0x0000000020564000 VMThread "VM Thread" [stack: 0x0000000061420000,0x0000000061520000] [id=5960]
  0x00000000620bd000 WatcherThread [stack: 0x0000000062500000,0x0000000062600000] [id=3788]
  0x000000000049d800 GCTaskThread "GC Thread#0" [stack: 0x0000000019f50000,0x000000001a050000] [id=2020]
  0x0000000062e5c000 GCTaskThread "GC Thread#1" [stack: 0x00000000636e0000,0x00000000637e0000] [id=612]
  0x0000000065af7800 GCTaskThread "GC Thread#2" [stack: 0x00000000680f0000,0x00000000681f0000] [id=2536]
  0x0000000065af9000 GCTaskThread "GC Thread#3" [stack: 0x00000000682a0000,0x00000000683a0000] [id=4588]
  0x00000000004c8000 ConcurrentGCThread "G1 Main Marker" [stack: 0x000000001dd50000,0x000000001de50000] [id=4912]
  0x00000000004c9800 ConcurrentGCThread "G1 Conc#0" [stack: 0x000000001e040000,0x000000001e140000] [id=5916]
  0x00000000204a2800 ConcurrentGCThread "G1 Refine#0" [stack: 0x00000000205d0000,0x00000000206d0000] [id=5504]
  0x00000000621ac000 ConcurrentGCThread "G1 Refine#1" [stack: 0x00000000635e0000,0x00000000636e0000] [id=4772]
  0x00000000204a3000 ConcurrentGCThread "G1 Young RemSet Sampling" [stack: 0x0000000020870000,0x0000000020970000] [id=2448]

Threads with active compile tasks:
C2 CompilerThread0   3098 2076  s!   4       jdk.internal.loader.URLClassPath::getLoader (194 bytes)
C2 CompilerThread1   3098 1928       4       java.lang.invoke.LambdaForm$Name::replaceNames (174 bytes)

VM state:not at safepoint (normal execution)

VM Mutex/Monitor currently owned by a thread: None

Heap address: 0x00000000a0c00000, size: 1524 MB, Compressed Oops mode: 32-bit
Narrow klass base: 0x0000000000000000, Narrow klass shift: 0
Compressed class space size: 1073741824 Address: 0x0000000020970000

Heap:
 garbage-first heap   total 118784K, used 13770K [0x00000000a0c00000, 0x0000000100000000)
  region size 1024K, 9 young (9216K), 5 survivors (5120K)
 Metaspace       used 28003K, capacity 28891K, committed 29056K, reserved 1075200K
  class space    used 3252K, capacity 3615K, committed 3712K, reserved 1048576K
Heap Regions: E=young(eden), S=young(survivor), O=old, HS=humongous(starts), HC=humongous(continues), CS=collection set, F=free, A=archive, TAMS=top-at-mark-start (previous, next)
|   0|0x00000000a0c00000, 0x00000000a0d00000, 0x00000000a0d00000|100%| O|  |TAMS 0x00000000a0d00000, 0x00000000a0c00000| Untracked 
|   1|0x00000000a0d00000, 0x00000000a0e00000, 0x00000000a0e00000|100%| O|  |TAMS 0x00000000a0e00000, 0x00000000a0d00000| Untracked 
|   2|0x00000000a0e00000, 0x00000000a0f00000, 0x00000000a0f00000|100%| O|  |TAMS 0x00000000a0f00000, 0x00000000a0e00000| Untracked 
|   3|0x00000000a0f00000, 0x00000000a1000000, 0x00000000a1000000|100%| O|  |TAMS 0x00000000a1000000, 0x00000000a0f00000| Untracked 
|   4|0x00000000a1000000, 0x00000000a1100000, 0x00000000a1100000|100%| O|  |TAMS 0x00000000a1100000, 0x00000000a1000000| Untracked 
|   5|0x00000000a1100000, 0x00000000a1200000, 0x00000000a1200000|100%| O|  |TAMS 0x00000000a1200000, 0x00000000a1100000| Untracked 
|   6|0x00000000a1200000, 0x00000000a123f000, 0x00000000a1300000| 24%| O|  |TAMS 0x00000000a123f000, 0x00000000a1200000| Untracked 
|   7|0x00000000a1300000, 0x00000000a1300000, 0x00000000a1400000|  0%| F|  |TAMS 0x00000000a1300000, 0x00000000a1300000| Untracked 
|   8|0x00000000a1400000, 0x00000000a1400000, 0x00000000a1500000|  0%| F|  |TAMS 0x00000000a1400000, 0x00000000a1400000| Untracked 
|   9|0x00000000a1500000, 0x00000000a1500000, 0x00000000a1600000|  0%| F|  |TAMS 0x00000000a1500000, 0x00000000a1500000| Untracked 
|  10|0x00000000a1600000, 0x00000000a1600000, 0x00000000a1700000|  0%| F|  |TAMS 0x00000000a1600000, 0x00000000a1600000| Untracked 
|  11|0x00000000a1700000, 0x00000000a1700000, 0x00000000a1800000|  0%| F|  |TAMS 0x00000000a1700000, 0x00000000a1700000| Untracked 
|  12|0x00000000a1800000, 0x00000000a1800000, 0x00000000a1900000|  0%| F|  |TAMS 0x00000000a1800000, 0x00000000a1800000| Untracked 
|  13|0x00000000a1900000, 0x00000000a1900000, 0x00000000a1a00000|  0%| F|  |TAMS 0x00000000a1900000, 0x00000000a1900000| Untracked 
|  14|0x00000000a1a00000, 0x00000000a1a00000, 0x00000000a1b00000|  0%| F|  |TAMS 0x00000000a1a00000, 0x00000000a1a00000| Untracked 
|  15|0x00000000a1b00000, 0x00000000a1b00000, 0x00000000a1c00000|  0%| F|  |TAMS 0x00000000a1b00000, 0x00000000a1b00000| Untracked 
|  16|0x00000000a1c00000, 0x00000000a1c00000, 0x00000000a1d00000|  0%| F|  |TAMS 0x00000000a1c00000, 0x00000000a1c00000| Untracked 
|  17|0x00000000a1d00000, 0x00000000a1d00000, 0x00000000a1e00000|  0%| F|  |TAMS 0x00000000a1d00000, 0x00000000a1d00000| Untracked 
|  18|0x00000000a1e00000, 0x00000000a1e00000, 0x00000000a1f00000|  0%| F|  |TAMS 0x00000000a1e00000, 0x00000000a1e00000| Untracked 
|  19|0x00000000a1f00000, 0x00000000a1f00000, 0x00000000a2000000|  0%| F|  |TAMS 0x00000000a1f00000, 0x00000000a1f00000| Untracked 
|  20|0x00000000a2000000, 0x00000000a2000000, 0x00000000a2100000|  0%| F|  |TAMS 0x00000000a2000000, 0x00000000a2000000| Untracked 
|  21|0x00000000a2100000, 0x00000000a2100000, 0x00000000a2200000|  0%| F|  |TAMS 0x00000000a2100000, 0x00000000a2100000| Untracked 
|  22|0x00000000a2200000, 0x00000000a2200000, 0x00000000a2300000|  0%| F|  |TAMS 0x00000000a2200000, 0x00000000a2200000| Untracked 
|  23|0x00000000a2300000, 0x00000000a2300000, 0x00000000a2400000|  0%| F|  |TAMS 0x00000000a2300000, 0x00000000a2300000| Untracked 
|  24|0x00000000a2400000, 0x00000000a2400000, 0x00000000a2500000|  0%| F|  |TAMS 0x00000000a2400000, 0x00000000a2400000| Untracked 
|  25|0x00000000a2500000, 0x00000000a2500000, 0x00000000a2600000|  0%| F|  |TAMS 0x00000000a2500000, 0x00000000a2500000| Untracked 
|  26|0x00000000a2600000, 0x00000000a2600000, 0x00000000a2700000|  0%| F|  |TAMS 0x00000000a2600000, 0x00000000a2600000| Untracked 
|  27|0x00000000a2700000, 0x00000000a2700000, 0x00000000a2800000|  0%| F|  |TAMS 0x00000000a2700000, 0x00000000a2700000| Untracked 
|  28|0x00000000a2800000, 0x00000000a2800000, 0x00000000a2900000|  0%| F|  |TAMS 0x00000000a2800000, 0x00000000a2800000| Untracked 
|  29|0x00000000a2900000, 0x00000000a2900000, 0x00000000a2a00000|  0%| F|  |TAMS 0x00000000a2900000, 0x00000000a2900000| Untracked 
|  30|0x00000000a2a00000, 0x00000000a2a00000, 0x00000000a2b00000|  0%| F|  |TAMS 0x00000000a2a00000, 0x00000000a2a00000| Untracked 
|  31|0x00000000a2b00000, 0x00000000a2b00000, 0x00000000a2c00000|  0%| F|  |TAMS 0x00000000a2b00000, 0x00000000a2b00000| Untracked 
|  32|0x00000000a2c00000, 0x00000000a2c00000, 0x00000000a2d00000|  0%| F|  |TAMS 0x00000000a2c00000, 0x00000000a2c00000| Untracked 
|  33|0x00000000a2d00000, 0x00000000a2d00000, 0x00000000a2e00000|  0%| F|  |TAMS 0x00000000a2d00000, 0x00000000a2d00000| Untracked 
|  34|0x00000000a2e00000, 0x00000000a2e00000, 0x00000000a2f00000|  0%| F|  |TAMS 0x00000000a2e00000, 0x00000000a2e00000| Untracked 
|  35|0x00000000a2f00000, 0x00000000a2f00000, 0x00000000a3000000|  0%| F|  |TAMS 0x00000000a2f00000, 0x00000000a2f00000| Untracked 
|  36|0x00000000a3000000, 0x00000000a3000000, 0x00000000a3100000|  0%| F|  |TAMS 0x00000000a3000000, 0x00000000a3000000| Untracked 
|  37|0x00000000a3100000, 0x00000000a3100000, 0x00000000a3200000|  0%| F|  |TAMS 0x00000000a3100000, 0x00000000a3100000| Untracked 
|  38|0x00000000a3200000, 0x00000000a3200000, 0x00000000a3300000|  0%| F|  |TAMS 0x00000000a3200000, 0x00000000a3200000| Untracked 
|  39|0x00000000a3300000, 0x00000000a3300000, 0x00000000a3400000|  0%| F|  |TAMS 0x00000000a3300000, 0x00000000a3300000| Untracked 
|  40|0x00000000a3400000, 0x00000000a3433b70, 0x00000000a3500000| 20%| S|CS|TAMS 0x00000000a3400000, 0x00000000a3400000| Complete 
|  41|0x00000000a3500000, 0x00000000a3600000, 0x00000000a3600000|100%| S|CS|TAMS 0x00000000a3500000, 0x00000000a3500000| Complete 
|  42|0x00000000a3600000, 0x00000000a3700000, 0x00000000a3700000|100%| S|CS|TAMS 0x00000000a3600000, 0x00000000a3600000| Complete 
|  43|0x00000000a3700000, 0x00000000a3800000, 0x00000000a3800000|100%| S|CS|TAMS 0x00000000a3700000, 0x00000000a3700000| Complete 
|  44|0x00000000a3800000, 0x00000000a3900000, 0x00000000a3900000|100%| S|CS|TAMS 0x00000000a3800000, 0x00000000a3800000| Complete 
|  45|0x00000000a3900000, 0x00000000a3900000, 0x00000000a3a00000|  0%| F|  |TAMS 0x00000000a3900000, 0x00000000a3900000| Untracked 
|  46|0x00000000a3a00000, 0x00000000a3a00000, 0x00000000a3b00000|  0%| F|  |TAMS 0x00000000a3a00000, 0x00000000a3a00000| Untracked 
|  47|0x00000000a3b00000, 0x00000000a3b00000, 0x00000000a3c00000|  0%| F|  |TAMS 0x00000000a3b00000, 0x00000000a3b00000| Untracked 
|  48|0x00000000a3c00000, 0x00000000a3c00000, 0x00000000a3d00000|  0%| F|  |TAMS 0x00000000a3c00000, 0x00000000a3c00000| Untracked 
|  49|0x00000000a3d00000, 0x00000000a3d00000, 0x00000000a3e00000|  0%| F|  |TAMS 0x00000000a3d00000, 0x00000000a3d00000| Untracked 
|  50|0x00000000a3e00000, 0x00000000a3e00000, 0x00000000a3f00000|  0%| F|  |TAMS 0x00000000a3e00000, 0x00000000a3e00000| Untracked 
|  51|0x00000000a3f00000, 0x00000000a3f00000, 0x00000000a4000000|  0%| F|  |TAMS 0x00000000a3f00000, 0x00000000a3f00000| Untracked 
|  52|0x00000000a4000000, 0x00000000a4000000, 0x00000000a4100000|  0%| F|  |TAMS 0x00000000a4000000, 0x00000000a4000000| Untracked 
|  53|0x00000000a4100000, 0x00000000a4100000, 0x00000000a4200000|  0%| F|  |TAMS 0x00000000a4100000, 0x00000000a4100000| Untracked 
|  54|0x00000000a4200000, 0x00000000a4200000, 0x00000000a4300000|  0%| F|  |TAMS 0x00000000a4200000, 0x00000000a4200000| Untracked 
|  55|0x00000000a4300000, 0x00000000a4300000, 0x00000000a4400000|  0%| F|  |TAMS 0x00000000a4300000, 0x00000000a4300000| Untracked 
|  56|0x00000000a4400000, 0x00000000a4400000, 0x00000000a4500000|  0%| F|  |TAMS 0x00000000a4400000, 0x00000000a4400000| Untracked 
|  57|0x00000000a4500000, 0x00000000a4500000, 0x00000000a4600000|  0%| F|  |TAMS 0x00000000a4500000, 0x00000000a4500000| Untracked 
|  58|0x00000000a4600000, 0x00000000a4600000, 0x00000000a4700000|  0%| F|  |TAMS 0x00000000a4600000, 0x00000000a4600000| Untracked 
|  59|0x00000000a4700000, 0x00000000a4700000, 0x00000000a4800000|  0%| F|  |TAMS 0x00000000a4700000, 0x00000000a4700000| Untracked 
|  60|0x00000000a4800000, 0x00000000a4800000, 0x00000000a4900000|  0%| F|  |TAMS 0x00000000a4800000, 0x00000000a4800000| Untracked 
|  61|0x00000000a4900000, 0x00000000a4900000, 0x00000000a4a00000|  0%| F|  |TAMS 0x00000000a4900000, 0x00000000a4900000| Untracked 
|  62|0x00000000a4a00000, 0x00000000a4a00000, 0x00000000a4b00000|  0%| F|  |TAMS 0x00000000a4a00000, 0x00000000a4a00000| Untracked 
|  63|0x00000000a4b00000, 0x00000000a4b00000, 0x00000000a4c00000|  0%| F|  |TAMS 0x00000000a4b00000, 0x00000000a4b00000| Untracked 
|  64|0x00000000a4c00000, 0x00000000a4c00000, 0x00000000a4d00000|  0%| F|  |TAMS 0x00000000a4c00000, 0x00000000a4c00000| Untracked 
|  65|0x00000000a4d00000, 0x00000000a4d00000, 0x00000000a4e00000|  0%| F|  |TAMS 0x00000000a4d00000, 0x00000000a4d00000| Untracked 
|  66|0x00000000a4e00000, 0x00000000a4e00000, 0x00000000a4f00000|  0%| F|  |TAMS 0x00000000a4e00000, 0x00000000a4e00000| Untracked 
|  67|0x00000000a4f00000, 0x00000000a4f00000, 0x00000000a5000000|  0%| F|  |TAMS 0x00000000a4f00000, 0x00000000a4f00000| Untracked 
|  68|0x00000000a5000000, 0x00000000a5000000, 0x00000000a5100000|  0%| F|  |TAMS 0x00000000a5000000, 0x00000000a5000000| Untracked 
|  69|0x00000000a5100000, 0x00000000a5100000, 0x00000000a5200000|  0%| F|  |TAMS 0x00000000a5100000, 0x00000000a5100000| Untracked 
|  70|0x00000000a5200000, 0x00000000a5200000, 0x00000000a5300000|  0%| F|  |TAMS 0x00000000a5200000, 0x00000000a5200000| Untracked 
|  71|0x00000000a5300000, 0x00000000a5300000, 0x00000000a5400000|  0%| F|  |TAMS 0x00000000a5300000, 0x00000000a5300000| Untracked 
|  72|0x00000000a5400000, 0x00000000a5400000, 0x00000000a5500000|  0%| F|  |TAMS 0x00000000a5400000, 0x00000000a5400000| Untracked 
|  73|0x00000000a5500000, 0x00000000a5500000, 0x00000000a5600000|  0%| F|  |TAMS 0x00000000a5500000, 0x00000000a5500000| Untracked 
|  74|0x00000000a5600000, 0x00000000a5600000, 0x00000000a5700000|  0%| F|  |TAMS 0x00000000a5600000, 0x00000000a5600000| Untracked 
|  75|0x00000000a5700000, 0x00000000a5700000, 0x00000000a5800000|  0%| F|  |TAMS 0x00000000a5700000, 0x00000000a5700000| Untracked 
|  76|0x00000000a5800000, 0x00000000a5800000, 0x00000000a5900000|  0%| F|  |TAMS 0x00000000a5800000, 0x00000000a5800000| Untracked 
|  77|0x00000000a5900000, 0x00000000a5900000, 0x00000000a5a00000|  0%| F|  |TAMS 0x00000000a5900000, 0x00000000a5900000| Untracked 
|  78|0x00000000a5a00000, 0x00000000a5a00000, 0x00000000a5b00000|  0%| F|  |TAMS 0x00000000a5a00000, 0x00000000a5a00000| Untracked 
|  79|0x00000000a5b00000, 0x00000000a5b00000, 0x00000000a5c00000|  0%| F|  |TAMS 0x00000000a5b00000, 0x00000000a5b00000| Untracked 
|  80|0x00000000a5c00000, 0x00000000a5c00000, 0x00000000a5d00000|  0%| F|  |TAMS 0x00000000a5c00000, 0x00000000a5c00000| Untracked 
|  81|0x00000000a5d00000, 0x00000000a5d00000, 0x00000000a5e00000|  0%| F|  |TAMS 0x00000000a5d00000, 0x00000000a5d00000| Untracked 
|  82|0x00000000a5e00000, 0x00000000a5e00000, 0x00000000a5f00000|  0%| F|  |TAMS 0x00000000a5e00000, 0x00000000a5e00000| Untracked 
|  83|0x00000000a5f00000, 0x00000000a5f00000, 0x00000000a6000000|  0%| F|  |TAMS 0x00000000a5f00000, 0x00000000a5f00000| Untracked 
|  84|0x00000000a6000000, 0x00000000a6000000, 0x00000000a6100000|  0%| F|  |TAMS 0x00000000a6000000, 0x00000000a6000000| Untracked 
|  85|0x00000000a6100000, 0x00000000a6100000, 0x00000000a6200000|  0%| F|  |TAMS 0x00000000a6100000, 0x00000000a6100000| Untracked 
|  86|0x00000000a6200000, 0x00000000a6200000, 0x00000000a6300000|  0%| F|  |TAMS 0x00000000a6200000, 0x00000000a6200000| Untracked 
|  87|0x00000000a6300000, 0x00000000a6300000, 0x00000000a6400000|  0%| F|  |TAMS 0x00000000a6300000, 0x00000000a6300000| Untracked 
|  88|0x00000000a6400000, 0x00000000a6400000, 0x00000000a6500000|  0%| F|  |TAMS 0x00000000a6400000, 0x00000000a6400000| Untracked 
|  89|0x00000000a6500000, 0x00000000a6500000, 0x00000000a6600000|  0%| F|  |TAMS 0x00000000a6500000, 0x00000000a6500000| Untracked 
|  90|0x00000000a6600000, 0x00000000a6600000, 0x00000000a6700000|  0%| F|  |TAMS 0x00000000a6600000, 0x00000000a6600000| Untracked 
|  91|0x00000000a6700000, 0x00000000a6700000, 0x00000000a6800000|  0%| F|  |TAMS 0x00000000a6700000, 0x00000000a6700000| Untracked 
|  92|0x00000000a6800000, 0x00000000a6800000, 0x00000000a6900000|  0%| F|  |TAMS 0x00000000a6800000, 0x00000000a6800000| Untracked 
|  93|0x00000000a6900000, 0x00000000a6900000, 0x00000000a6a00000|  0%| F|  |TAMS 0x00000000a6900000, 0x00000000a6900000| Untracked 
|  94|0x00000000a6a00000, 0x00000000a6a00000, 0x00000000a6b00000|  0%| F|  |TAMS 0x00000000a6a00000, 0x00000000a6a00000| Untracked 
|  95|0x00000000a6b00000, 0x00000000a6b00000, 0x00000000a6c00000|  0%| F|  |TAMS 0x00000000a6b00000, 0x00000000a6b00000| Untracked 
|  96|0x00000000a6c00000, 0x00000000a6c00000, 0x00000000a6d00000|  0%| F|  |TAMS 0x00000000a6c00000, 0x00000000a6c00000| Untracked 
|  97|0x00000000a6d00000, 0x00000000a6d00000, 0x00000000a6e00000|  0%| F|  |TAMS 0x00000000a6d00000, 0x00000000a6d00000| Untracked 
|  98|0x00000000a6e00000, 0x00000000a6e00000, 0x00000000a6f00000|  0%| F|  |TAMS 0x00000000a6e00000, 0x00000000a6e00000| Untracked 
|  99|0x00000000a6f00000, 0x00000000a6f00000, 0x00000000a7000000|  0%| F|  |TAMS 0x00000000a6f00000, 0x00000000a6f00000| Untracked 
| 100|0x00000000a7000000, 0x00000000a7000000, 0x00000000a7100000|  0%| F|  |TAMS 0x00000000a7000000, 0x00000000a7000000| Untracked 
| 101|0x00000000a7100000, 0x00000000a7100000, 0x00000000a7200000|  0%| F|  |TAMS 0x00000000a7100000, 0x00000000a7100000| Untracked 
| 102|0x00000000a7200000, 0x00000000a7200000, 0x00000000a7300000|  0%| F|  |TAMS 0x00000000a7200000, 0x00000000a7200000| Untracked 
| 103|0x00000000a7300000, 0x00000000a7300000, 0x00000000a7400000|  0%| F|  |TAMS 0x00000000a7300000, 0x00000000a7300000| Untracked 
| 104|0x00000000a7400000, 0x00000000a7400000, 0x00000000a7500000|  0%| F|  |TAMS 0x00000000a7400000, 0x00000000a7400000| Untracked 
| 105|0x00000000a7500000, 0x00000000a7500000, 0x00000000a7600000|  0%| F|  |TAMS 0x00000000a7500000, 0x00000000a7500000| Untracked 
| 106|0x00000000a7600000, 0x00000000a7600000, 0x00000000a7700000|  0%| F|  |TAMS 0x00000000a7600000, 0x00000000a7600000| Untracked 
| 107|0x00000000a7700000, 0x00000000a7700000, 0x00000000a7800000|  0%| F|  |TAMS 0x00000000a7700000, 0x00000000a7700000| Untracked 
| 108|0x00000000a7800000, 0x00000000a7800000, 0x00000000a7900000|  0%| F|  |TAMS 0x00000000a7800000, 0x00000000a7800000| Untracked 
| 109|0x00000000a7900000, 0x00000000a7900000, 0x00000000a7a00000|  0%| F|  |TAMS 0x00000000a7900000, 0x00000000a7900000| Untracked 
| 110|0x00000000a7a00000, 0x00000000a7a00000, 0x00000000a7b00000|  0%| F|  |TAMS 0x00000000a7a00000, 0x00000000a7a00000| Untracked 
| 111|0x00000000a7b00000, 0x00000000a7b00000, 0x00000000a7c00000|  0%| F|  |TAMS 0x00000000a7b00000, 0x00000000a7b00000| Untracked 
| 112|0x00000000a7c00000, 0x00000000a7d00000, 0x00000000a7d00000|100%| E|  |TAMS 0x00000000a7c00000, 0x00000000a7c00000| Complete 
| 113|0x00000000a7d00000, 0x00000000a7e00000, 0x00000000a7e00000|100%| E|CS|TAMS 0x00000000a7d00000, 0x00000000a7d00000| Complete 
| 114|0x00000000a7e00000, 0x00000000a7f00000, 0x00000000a7f00000|100%| E|CS|TAMS 0x00000000a7e00000, 0x00000000a7e00000| Complete 
| 115|0x00000000a7f00000, 0x00000000a8000000, 0x00000000a8000000|100%| E|CS|TAMS 0x00000000a7f00000, 0x00000000a7f00000| Complete 

Card table byte_map: [0x000000001a790000,0x000000001aa90000] _byte_map_base: 0x000000001a28a000

Marking Bits (Prev, Next): (CMBitMap*) 0x00000000004c1500, (CMBitMap*) 0x00000000004c14c8
 Prev Bits: [0x000000001c560000, 0x000000001dd30000)
 Next Bits: [0x000000001ad90000, 0x000000001c560000)

Polling page: 0x0000000000230000

Metaspace:

Usage:
  Non-class:     24.68 MB capacity,    24.18 MB ( 98%) used,   420.13 KB (  2%) free+waste,   100.56 KB ( <1%) overhead. 
      Class:      3.53 MB capacity,     3.18 MB ( 90%) used,   311.29 KB (  9%) free+waste,    50.25 KB (  1%) overhead. 
       Both:     28.21 MB capacity,    27.35 MB ( 97%) used,   731.42 KB (  3%) free+waste,   150.81 KB ( <1%) overhead. 

Virtual space:
  Non-class space:       26.00 MB reserved,      24.75 MB ( 95%) committed 
      Class space:        1.00 GB reserved,       3.63 MB ( <1%) committed 
             Both:        1.03 GB reserved,      28.38 MB (  3%) committed 

Chunk freelists:
   Non-Class:  4.00 KB
       Class:  1.00 KB
        Both:  5.00 KB

MaxMetaspaceSize: 17179869184.00 GB
CompressedClassSpaceSize: 1.00 GB

CodeHeap 'non-profiled nmethods': size=120064Kb used=807Kb max_used=807Kb free=119256Kb
 bounds [0x0000000012910000, 0x0000000012b80000, 0x0000000019e50000]
CodeHeap 'profiled nmethods': size=120000Kb used=4380Kb max_used=4380Kb free=115619Kb
 bounds [0x000000000b3e0000, 0x000000000b830000, 0x0000000012910000]
CodeHeap 'non-nmethods': size=5696Kb used=1115Kb max_used=1154Kb free=4580Kb
 bounds [0x000000000ae50000, 0x000000000b0c0000, 0x000000000b3e0000]
 total_blobs=2640 nmethods=2202 adapters=349
 compilation: enabled
              stopped_count=0, restarted_count=0
 full_count=0

Compilation events (20 events):
Event: 2.981 Thread 0x00000000612b8800 nmethod 2162 0x000000000b80fc10 code [0x000000000b80fe20, 0x000000000b8102b8]
Event: 3.031 Thread 0x00000000612b8800 2163       2       jdk.internal.loader.AbstractClassLoaderValue$Sub::equals (55 bytes)
Event: 3.031 Thread 0x00000000612b8800 nmethod 2163 0x000000000b810510 code [0x000000000b8106e0, 0x000000000b810958]
Event: 3.031 Thread 0x00000000612b8800 2166       2       java.lang.Enum::getDeclaringClass (22 bytes)
Event: 3.031 Thread 0x00000000612b8800 nmethod 2166 0x000000000b810a90 code [0x000000000b810c40, 0x000000000b810d88]
Event: 3.032 Thread 0x00000000612b8800 2164       2       java.lang.System$2::getConstantPool (5 bytes)
Event: 3.032 Thread 0x00000000612b8800 nmethod 2164 0x000000000b810e90 code [0x000000000b811040, 0x000000000b811168]
Event: 3.032 Thread 0x00000000612b8800 2165       2       org.springframework.util.Assert::isTrue (14 bytes)
Event: 3.032 Thread 0x00000000612b8800 nmethod 2165 0x000000000b811210 code [0x000000000b8113c0, 0x000000000b811548]
Event: 3.041 Thread 0x00000000612b8800 2167       2       jdk.internal.reflect.DelegatingMethodAccessorImpl::invoke (10 bytes)
Event: 3.041 Thread 0x00000000612b8800 nmethod 2167 0x000000000b811610 code [0x000000000b8117c0, 0x000000000b8118e8]
Event: 3.043 Thread 0x00000000612b8800 2168       1       org.springframework.core.io.DefaultResourceLoader::getProtocolResolvers (5 bytes)
Event: 3.043 Thread 0x00000000612b8800 nmethod 2168 0x00000000129d7c90 code [0x00000000129d7e40, 0x00000000129d7ef8]
Event: 3.044 Thread 0x00000000612b8800 2169       2       sun.nio.fs.NativeBuffers::getNativeBufferFromCache (51 bytes)
Event: 3.044 Thread 0x00000000612b8800 nmethod 2169 0x000000000b811990 code [0x000000000b811b60, 0x000000000b811dc8]
Event: 3.044 Thread 0x00000000612b8800 2171       2       sun.nio.fs.NativeBuffers::releaseNativeBuffer (97 bytes)
Event: 3.045 Thread 0x00000000612b8800 nmethod 2171 0x000000000b811f90 code [0x000000000b8121c0, 0x000000000b812818]
Event: 3.045 Thread 0x00000000612b8800 2170       2       sun.nio.fs.NativeBuffer::release (5 bytes)
Event: 3.045 Thread 0x00000000612b8800 nmethod 2170 0x000000000b812b90 code [0x000000000b812d40, 0x000000000b812e48]
Event: 3.045 Thread 0x00000000612b8800 2172       2       org.springframework.util.ConcurrentReferenceHashMap::put (8 bytes)

GC Heap History (10 events):
Event: 0.661 GC heap before
{Heap before GC invocations=0 (full 0):
 garbage-first heap   total 98304K, used 13312K [0x00000000a0c00000, 0x0000000100000000)
  region size 1024K, 14 young (14336K), 0 survivors (0K)
 Metaspace       used 10039K, capacity 10304K, committed 10496K, reserved 1058816K
  class space    used 928K, capacity 994K, committed 1024K, reserved 1048576K
}
Event: 0.671 GC heap after
{Heap after GC invocations=1 (full 0):
 garbage-first heap   total 98304K, used 6267K [0x00000000a0c00000, 0x0000000100000000)
  region size 1024K, 2 young (2048K), 2 survivors (2048K)
 Metaspace       used 10039K, capacity 10304K, committed 10496K, reserved 1058816K
  class space    used 928K, capacity 994K, committed 1024K, reserved 1048576K
}
Event: 0.976 GC heap before
{Heap before GC invocations=1 (full 0):
 garbage-first heap   total 98304K, used 13435K [0x00000000a0c00000, 0x0000000100000000)
  region size 1024K, 9 young (9216K), 2 survivors (2048K)
 Metaspace       used 11730K, capacity 12005K, committed 12288K, reserved 1060864K
  class space    used 1137K, capacity 1224K, committed 1280K, reserved 1048576K
}
Event: 0.981 GC heap after
{Heap after GC invocations=2 (full 0):
 garbage-first heap   total 98304K, used 6807K [0x00000000a0c00000, 0x0000000100000000)
  region size 1024K, 1 young (1024K), 1 survivors (1024K)
 Metaspace       used 11730K, capacity 12005K, committed 12288K, reserved 1060864K
  class space    used 1137K, capacity 1224K, committed 1280K, reserved 1048576K
}
Event: 1.519 GC heap before
{Heap before GC invocations=2 (full 0):
 garbage-first heap   total 98304K, used 27287K [0x00000000a0c00000, 0x0000000100000000)
  region size 1024K, 21 young (21504K), 1 survivors (1024K)
 Metaspace       used 15930K, capacity 16493K, committed 16768K, reserved 1064960K
  class space    used 1674K, capacity 1877K, committed 1920K, reserved 1048576K
}
Event: 1.523 GC heap after
{Heap after GC invocations=3 (full 0):
 garbage-first heap   total 98304K, used 7686K [0x00000000a0c00000, 0x0000000100000000)
  region size 1024K, 2 young (2048K), 2 survivors (2048K)
 Metaspace       used 15930K, capacity 16493K, committed 16768K, reserved 1064960K
  class space    used 1674K, capacity 1877K, committed 1920K, reserved 1048576K
}
Event: 2.168 GC heap before
{Heap before GC invocations=3 (full 0):
 garbage-first heap   total 98304K, used 35334K [0x00000000a0c00000, 0x0000000100000000)
  region size 1024K, 30 young (30720K), 2 survivors (2048K)
 Metaspace       used 20462K, capacity 21162K, committed 21248K, reserved 1069056K
  class space    used 2271K, capacity 2547K, committed 2560K, reserved 1048576K
}
Event: 2.177 GC heap after
{Heap after GC invocations=4 (full 0):
 garbage-first heap   total 98304K, used 8932K [0x00000000a0c00000, 0x0000000100000000)
  region size 1024K, 3 young (3072K), 3 survivors (3072K)
 Metaspace       used 20462K, capacity 21162K, committed 21248K, reserved 1069056K
  class space    used 2271K, capacity 2547K, committed 2560K, reserved 1048576K
}
Event: 2.983 GC heap before
{Heap before GC invocations=5 (full 0):
 garbage-first heap   total 98304K, used 57060K [0x00000000a0c00000, 0x0000000100000000)
  region size 1024K, 51 young (52224K), 3 survivors (3072K)
 Metaspace       used 27571K, capacity 28436K, committed 28672K, reserved 1075200K
  class space    used 3189K, capacity 3546K, committed 3584K, reserved 1048576K
}
Event: 3.020 GC heap after
{Heap after GC invocations=6 (full 0):
 garbage-first heap   total 118784K, used 10698K [0x00000000a0c00000, 0x0000000100000000)
  region size 1024K, 5 young (5120K), 5 survivors (5120K)
 Metaspace       used 27571K, capacity 28436K, committed 28672K, reserved 1075200K
  class space    used 3189K, capacity 3546K, committed 3584K, reserved 1048576K
}

Deoptimization events (20 events):
Event: 2.933 Thread 0x0000000000483800 DEOPT PACKING pc=0x000000000b41758e sp=0x000000000233bf40
Event: 2.933 Thread 0x0000000000483800 DEOPT UNPACKING pc=0x000000000ae76bde sp=0x000000000233b458 mode 0
Event: 2.933 Thread 0x0000000000483800 DEOPT PACKING pc=0x000000000b41b451 sp=0x000000000233bf90
Event: 2.933 Thread 0x0000000000483800 DEOPT UNPACKING pc=0x000000000ae76bde sp=0x000000000233b448 mode 0
Event: 2.934 Thread 0x0000000000483800 DEOPT PACKING pc=0x000000000b41758e sp=0x000000000233bf40
Event: 2.934 Thread 0x0000000000483800 DEOPT UNPACKING pc=0x000000000ae76bde sp=0x000000000233b458 mode 0
Event: 2.934 Thread 0x0000000000483800 DEOPT PACKING pc=0x000000000b41b451 sp=0x000000000233bf90
Event: 2.934 Thread 0x0000000000483800 DEOPT UNPACKING pc=0x000000000ae76bde sp=0x000000000233b448 mode 0
Event: 2.934 Thread 0x0000000000483800 DEOPT PACKING pc=0x000000000b41758e sp=0x000000000233bf40
Event: 2.934 Thread 0x0000000000483800 DEOPT UNPACKING pc=0x000000000ae76bde sp=0x000000000233b458 mode 0
Event: 2.934 Thread 0x0000000000483800 DEOPT PACKING pc=0x000000000b41b451 sp=0x000000000233bf90
Event: 2.934 Thread 0x0000000000483800 DEOPT UNPACKING pc=0x000000000ae76bde sp=0x000000000233b448 mode 0
Event: 2.935 Thread 0x0000000000483800 DEOPT PACKING pc=0x000000000b41758e sp=0x000000000233bf40
Event: 2.935 Thread 0x0000000000483800 DEOPT UNPACKING pc=0x000000000ae76bde sp=0x000000000233b458 mode 0
Event: 2.935 Thread 0x0000000000483800 DEOPT PACKING pc=0x000000000b41b451 sp=0x000000000233bf90
Event: 2.935 Thread 0x0000000000483800 DEOPT UNPACKING pc=0x000000000ae76bde sp=0x000000000233b448 mode 0
Event: 2.957 Thread 0x0000000000483800 Uncommon trap: trap_request=0xffffff4d fr.pc=0x0000000012993a40 relative=0x0000000000000160
Event: 2.957 Thread 0x0000000000483800 Uncommon trap: reason=unstable_if action=reinterpret pc=0x0000000012993a40 method=java.util.concurrent.ConcurrentHashMap.addCount(JI)V @ 34 c2
Event: 2.957 Thread 0x0000000000483800 DEOPT PACKING pc=0x0000000012993a40 sp=0x000000000233acf0
Event: 2.957 Thread 0x0000000000483800 DEOPT UNPACKING pc=0x000000000ae7642f sp=0x000000000233ac30 mode 2

Classes redefined (0 events):
No events

Internal exceptions (20 events):
Event: 2.381 Thread 0x0000000063ce6000 Exception <a 'java/lang/NoSuchMethodError'{0x00000000a63bedb0}: 'java.lang.Object java.lang.invoke.DirectMethodHandle$Holder.invokeStatic(java.lang.Object, java.lang.Object, java.lang.Object, java.lang.Object, java.lang.Object, java.lang.Object, java.lang.Object, java.lang.Object, java.lang.Object, java.lang.Object, java.lang.Object, java.lang.Object, java.lang.Object, java.lang.Object, java.lang.Object)'> (0x00000000a63bedb0) thrown at [./src/hotspot/share/interpreter/linkResolver.cpp, line 773]
Event: 2.383 Thread 0x0000000063ce6000 Exception <a 'java/lang/NoSuchMethodError'{0x00000000a63ccb10}: 'java.lang.Object java.lang.invoke.DirectMethodHandle$Holder.invokeStatic(java.lang.Object, java.lang.Object, java.lang.Object, java.lang.Object, java.lang.Object, java.lang.Object, java.lang.Object, java.lang.Object, java.lang.Object, java.lang.Object, java.lang.Object, java.lang.Object, java.lang.Object, java.lang.Object, java.lang.Object, java.lang.Object)'> (0x00000000a63ccb10) thrown at [./src/hotspot/share/interpreter/linkResolver.cpp, l
Event: 2.385 Thread 0x0000000063ce6000 Exception <a 'java/lang/NoSuchMethodError'{0x00000000a6288780}: 'java.lang.Object java.lang.invoke.DirectMethodHandle$Holder.invokeSpecial(java.lang.Object, java.lang.Object, int, int, java.lang.Object, java.lang.Object, java.lang.Object)'> (0x00000000a6288780) thrown at [./src/hotspot/share/interpreter/linkResolver.cpp, line 773]
Event: 2.386 Thread 0x0000000063ce6000 Exception <a 'java/lang/NoSuchMethodError'{0x00000000a628bd10}: 'java.lang.Object java.lang.invoke.DelegatingMethodHandle$Holder.reinvoke_L(java.lang.Object, int, int, java.lang.Object, java.lang.Object, java.lang.Object)'> (0x00000000a628bd10) thrown at [./src/hotspot/share/interpreter/linkResolver.cpp, line 773]
Event: 2.386 Thread 0x0000000063ce6000 Exception <a 'java/lang/NoSuchMethodError'{0x00000000a628fbf0}: 'java.lang.Object java.lang.invoke.DirectMethodHandle$Holder.invokeStatic(java.lang.Object, java.lang.Object, java.lang.Object, java.lang.Object, int)'> (0x00000000a628fbf0) thrown at [./src/hotspot/share/interpreter/linkResolver.cpp, line 773]
Event: 2.641 Thread 0x0000000000483800 Exception <a 'java/lang/ClassNotFoundException'{0x00000000a551cb68}: java/lang/ObjectCustomizer> (0x00000000a551cb68) thrown at [./src/hotspot/share/classfile/systemDictionary.cpp, line 231]
Event: 2.676 Thread 0x0000000000483800 Exception <a 'java/lang/ClassNotFoundException'{0x00000000a554fdd0}: org/springframework/context/annotation/ConfigurationClassPostProcessorCustomizer> (0x00000000a554fdd0) thrown at [./src/hotspot/share/classfile/systemDictionary.cpp, line 231]
Event: 2.693 Thread 0x0000000000483800 Exception <a 'java/lang/ClassNotFoundException'{0x00000000a5578978}: org/springframework/beans/factory/support/BeanDefinitionRegistryPostProcessorCustomizer> (0x00000000a5578978) thrown at [./src/hotspot/share/classfile/systemDictionary.cpp, line 231]
Event: 2.694 Thread 0x0000000000483800 Exception <a 'java/lang/ClassNotFoundException'{0x00000000a54769f0}: org/springframework/beans/factory/config/BeanFactoryPostProcessorCustomizer> (0x00000000a54769f0) thrown at [./src/hotspot/share/classfile/systemDictionary.cpp, line 231]
Event: 2.695 Thread 0x0000000000483800 Exception <a 'java/lang/ClassNotFoundException'{0x00000000a5489af0}: org/springframework/core/PriorityOrderedCustomizer> (0x00000000a5489af0) thrown at [./src/hotspot/share/classfile/systemDictionary.cpp, line 231]
Event: 2.695 Thread 0x0000000000483800 Exception <a 'java/lang/ClassNotFoundException'{0x00000000a549a6a8}: org/springframework/core/OrderedCustomizer> (0x00000000a549a6a8) thrown at [./src/hotspot/share/classfile/systemDictionary.cpp, line 231]
Event: 2.697 Thread 0x0000000000483800 Exception <a 'java/lang/ClassNotFoundException'{0x00000000a54ae338}: org/springframework/context/ResourceLoaderAwareCustomizer> (0x00000000a54ae338) thrown at [./src/hotspot/share/classfile/systemDictionary.cpp, line 231]
Event: 2.698 Thread 0x0000000000483800 Exception <a 'java/lang/ClassNotFoundException'{0x00000000a54c0e20}: org/springframework/beans/factory/AwareCustomizer> (0x00000000a54c0e20) thrown at [./src/hotspot/share/classfile/systemDictionary.cpp, line 231]
Event: 2.698 Thread 0x0000000000483800 Exception <a 'java/lang/ClassNotFoundException'{0x00000000a54d4ac0}: org/springframework/context/ApplicationStartupAwareCustomizer> (0x00000000a54d4ac0) thrown at [./src/hotspot/share/classfile/systemDictionary.cpp, line 231]
Event: 2.699 Thread 0x0000000000483800 Exception <a 'java/lang/ClassNotFoundException'{0x00000000a535a3c8}: org/springframework/beans/factory/AwareCustomizer> (0x00000000a535a3c8) thrown at [./src/hotspot/share/classfile/systemDictionary.cpp, line 231]
Event: 2.700 Thread 0x0000000000483800 Exception <a 'java/lang/ClassNotFoundException'{0x00000000a536e450}: org/springframework/beans/factory/BeanClassLoaderAwareCustomizer> (0x00000000a536e450) thrown at [./src/hotspot/share/classfile/systemDictionary.cpp, line 231]
Event: 2.701 Thread 0x0000000000483800 Exception <a 'java/lang/ClassNotFoundException'{0x00000000a5380f50}: org/springframework/beans/factory/AwareCustomizer> (0x00000000a5380f50) thrown at [./src/hotspot/share/classfile/systemDictionary.cpp, line 231]
Event: 2.702 Thread 0x0000000000483800 Exception <a 'java/lang/ClassNotFoundException'{0x00000000a53939e8}: org/springframework/context/EnvironmentAwareCustomizer> (0x00000000a53939e8) thrown at [./src/hotspot/share/classfile/systemDictionary.cpp, line 231]
Event: 2.704 Thread 0x0000000000483800 Exception <a 'java/lang/ClassNotFoundException'{0x00000000a53a6460}: org/springframework/beans/factory/AwareCustomizer> (0x00000000a53a6460) thrown at [./src/hotspot/share/classfile/systemDictionary.cpp, line 231]
Event: 2.923 Thread 0x0000000000483800 Exception <a 'java/lang/IncompatibleClassChangeError'{0x00000000a3ed23a0}: Found class java.lang.Object, but interface was expected> (0x00000000a3ed23a0) thrown at [./src/hotspot/share/interpreter/linkResolver.cpp, line 839]

Events (20 events):
Event: 3.034 loading class org/springframework/util/MultiValueMap
Event: 3.034 loading class org/springframework/util/MultiValueMap done
Event: 3.034 loading class org/springframework/util/MultiValueMap
Event: 3.034 loading class org/springframework/util/MultiValueMap done
Event: 3.035 loading class org/springframework/core/annotation/MergedAnnotation
Event: 3.035 loading class org/springframework/core/annotation/MergedAnnotation done
Event: 3.035 loading class org/springframework/core/annotation/MergedAnnotation
Event: 3.035 loading class org/springframework/core/annotation/MergedAnnotation done
Event: 3.035 loading class org/springframework/util/MultiValueMap
Event: 3.035 loading class org/springframework/util/MultiValueMap done
Event: 3.036 loading class org/springframework/boot/autoconfigure/context/MessageSourceAutoConfiguration$ResourceBundleCondition
Event: 3.036 loading class org/springframework/boot/autoconfigure/context/MessageSourceAutoConfiguration$ResourceBundleCondition done
Event: 3.038 Executing VM operation: RevokeBias
Event: 3.038 Executing VM operation: RevokeBias done
Event: 3.038 Executing VM operation: RevokeBias
Event: 3.038 Executing VM operation: RevokeBias done
Event: 3.040 loading class com/fasterxml/jackson/core/util/VersionUtil
Event: 3.040 loading class com/fasterxml/jackson/core/util/VersionUtil done
Event: 3.041 loading class com/fasterxml/jackson/core/Version
Event: 3.041 loading class com/fasterxml/jackson/core/Version done


Dynamic libraries:
0x000000013fa40000 - 0x000000013fa4d000 	C:\Users\Bublic\.jdks\adopt-openjdk-11.0.11\bin\java.exe
0x0000000077270000 - 0x000000007740f000 	C:\Windows\SYSTEM32\ntdll.dll
0x0000000077150000 - 0x0000000077270000 	C:\Windows\system32\kernel32.dll
0x000007fefd0b0000 - 0x000007fefd117000 	C:\Windows\system32\KERNELBASE.dll
0x000007fefa260000 - 0x000007fefa277000 	C:\Users\Bublic\.jdks\adopt-openjdk-11.0.11\bin\jli.dll
0x000007fefb7f0000 - 0x000007fefb9e5000 	C:\Windows\WinSxS\amd64_microsoft.windows.common-controls_6595b64144ccf1df_6.0.7601.24483_none_e372d88f30fbb845\COMCTL32.dll
0x000007feff050000 - 0x000007feff0ef000 	C:\Windows\system32\msvcrt.dll
0x000007fefd340000 - 0x000007fefd3a8000 	C:\Windows\system32\GDI32.dll
0x0000000077050000 - 0x000000007714b000 	C:\Windows\system32\USER32.dll
0x000007fefeb50000 - 0x000007fefeb5e000 	C:\Windows\system32\LPK.dll
0x000007fefd450000 - 0x000007fefd51b000 	C:\Windows\system32\USP10.dll
0x000007fefdce0000 - 0x000007fefdd51000 	C:\Windows\system32\SHLWAPI.dll
0x000007fefa240000 - 0x000007fefa255000 	C:\Users\Bublic\.jdks\adopt-openjdk-11.0.11\bin\VCRUNTIME140.dll
0x000007fefa4f0000 - 0x000007fefa4f4000 	C:\Users\Bublic\.jdks\adopt-openjdk-11.0.11\bin\api-ms-win-crt-runtime-l1-1-0.dll
0x000007fee1690000 - 0x000007fee178a000 	C:\Users\Bublic\.jdks\adopt-openjdk-11.0.11\bin\ucrtbase.DLL
0x000007fefb400000 - 0x000007fefb403000 	C:\Users\Bublic\.jdks\adopt-openjdk-11.0.11\bin\api-ms-win-core-localization-l1-2-0.dll
0x000007fefa4b0000 - 0x000007fefa4b3000 	C:\Users\Bublic\.jdks\adopt-openjdk-11.0.11\bin\api-ms-win-core-processthreads-l1-1-1.dll
0x000007fefa230000 - 0x000007fefa233000 	C:\Users\Bublic\.jdks\adopt-openjdk-11.0.11\bin\api-ms-win-core-file-l1-2-0.dll
0x000007fefa220000 - 0x000007fefa223000 	C:\Users\Bublic\.jdks\adopt-openjdk-11.0.11\bin\api-ms-win-core-timezone-l1-1-0.dll
0x000007fef9fa0000 - 0x000007fef9fa3000 	C:\Users\Bublic\.jdks\adopt-openjdk-11.0.11\bin\api-ms-win-core-file-l2-1-0.dll
0x000007fef9f90000 - 0x000007fef9f93000 	C:\Users\Bublic\.jdks\adopt-openjdk-11.0.11\bin\api-ms-win-core-synch-l1-2-0.dll
0x000007fef9e90000 - 0x000007fef9e93000 	C:\Users\Bublic\.jdks\adopt-openjdk-11.0.11\bin\api-ms-win-crt-heap-l1-1-0.dll
0x000007fef9e80000 - 0x000007fef9e84000 	C:\Users\Bublic\.jdks\adopt-openjdk-11.0.11\bin\api-ms-win-crt-string-l1-1-0.dll
0x000007fef9e70000 - 0x000007fef9e74000 	C:\Users\Bublic\.jdks\adopt-openjdk-11.0.11\bin\api-ms-win-crt-stdio-l1-1-0.dll
0x000007fef9e60000 - 0x000007fef9e64000 	C:\Users\Bublic\.jdks\adopt-openjdk-11.0.11\bin\api-ms-win-crt-convert-l1-1-0.dll
0x000007fef9e50000 - 0x000007fef9e53000 	C:\Users\Bublic\.jdks\adopt-openjdk-11.0.11\bin\api-ms-win-crt-environment-l1-1-0.dll
0x000007fef9e40000 - 0x000007fef9e43000 	C:\Users\Bublic\.jdks\adopt-openjdk-11.0.11\bin\api-ms-win-crt-filesystem-l1-1-0.dll
0x000007fef9e30000 - 0x000007fef9e35000 	C:\Users\Bublic\.jdks\adopt-openjdk-11.0.11\bin\api-ms-win-crt-math-l1-1-0.dll
0x000007fef9e20000 - 0x000007fef9e23000 	C:\Users\Bublic\.jdks\adopt-openjdk-11.0.11\bin\api-ms-win-crt-locale-l1-1-0.dll
0x000007fefeb60000 - 0x000007fefeb8e000 	C:\Windows\system32\IMM32.DLL
0x000007feff450000 - 0x000007feff55b000 	C:\Windows\system32\MSCTF.dll
0x000007fef9d40000 - 0x000007fef9ddb000 	C:\Users\Bublic\.jdks\adopt-openjdk-11.0.11\bin\msvcp140.dll
0x000007fef9d30000 - 0x000007fef9d33000 	C:\Users\Bublic\.jdks\adopt-openjdk-11.0.11\bin\api-ms-win-crt-time-l1-1-0.dll
0x000007fef9d20000 - 0x000007fef9d23000 	C:\Users\Bublic\.jdks\adopt-openjdk-11.0.11\bin\api-ms-win-crt-utility-l1-1-0.dll
0x000007fedeb40000 - 0x000007fedf68b000 	C:\Users\Bublic\.jdks\adopt-openjdk-11.0.11\bin\server\jvm.dll
0x000007fefd1d0000 - 0x000007fefd2ab000 	C:\Windows\system32\ADVAPI32.dll
0x000007fefd540000 - 0x000007fefd55f000 	C:\Windows\SYSTEM32\sechost.dll
0x000007feff320000 - 0x000007feff44c000 	C:\Windows\system32\RPCRT4.dll
0x000007fef8530000 - 0x000007fef8539000 	C:\Windows\system32\WSOCK32.dll
0x000007fefd180000 - 0x000007fefd1cd000 	C:\Windows\system32\WS2_32.dll
0x000007fefd330000 - 0x000007fefd338000 	C:\Windows\system32\NSI.dll
0x000007fefab70000 - 0x000007fefabab000 	C:\Windows\system32\WINMM.dll
0x000007fefbe80000 - 0x000007fefbe8c000 	C:\Windows\system32\VERSION.dll
0x0000000077420000 - 0x0000000077427000 	C:\Windows\system32\PSAPI.DLL
0x000007fef9d10000 - 0x000007fef9d20000 	C:\Users\Bublic\.jdks\adopt-openjdk-11.0.11\bin\verify.dll
0x000007fef8d70000 - 0x000007fef8e95000 	C:\Windows\system32\DBGHELP.DLL
0x000007fef7860000 - 0x000007fef7888000 	C:\Users\Bublic\.jdks\adopt-openjdk-11.0.11\bin\java.dll
0x000007fef7850000 - 0x000007fef785a000 	C:\Users\Bublic\.jdks\adopt-openjdk-11.0.11\bin\jimage.dll
0x000007fef7830000 - 0x000007fef7847000 	C:\Users\Bublic\.jdks\adopt-openjdk-11.0.11\bin\zip.dll
0x000007fefddc0000 - 0x000007fefeb4b000 	C:\Windows\system32\SHELL32.dll
0x000007fefed70000 - 0x000007fefef70000 	C:\Windows\system32\ole32.dll
0x000007fefcdd0000 - 0x000007fefcddf000 	C:\Windows\system32\profapi.dll
0x000007fef7540000 - 0x000007fef7559000 	C:\Users\Bublic\.jdks\adopt-openjdk-11.0.11\bin\net.dll
0x000007fef8ba0000 - 0x000007fef8c11000 	C:\Windows\system32\WINHTTP.dll
0x000007fef8b20000 - 0x000007fef8b85000 	C:\Windows\system32\webio.dll
0x000007fefc500000 - 0x000007fefc555000 	C:\Windows\system32\mswsock.dll
0x000007fefc4f0000 - 0x000007fefc4f7000 	C:\Windows\System32\wship6.dll
0x000007fee53e0000 - 0x000007fee53f2000 	C:\Users\Bublic\.jdks\adopt-openjdk-11.0.11\bin\nio.dll
0x000007fef6210000 - 0x000007fef6219000 	C:\Users\Bublic\.jdks\adopt-openjdk-11.0.11\bin\management.dll
0x000007fef5890000 - 0x000007fef589b000 	C:\Users\Bublic\.jdks\adopt-openjdk-11.0.11\bin\management_ext.dll
0x000007fefcbc0000 - 0x000007fefcc17000 	C:\Windows\system32\apphelp.dll
0x000007fefa980000 - 0x000007fefa995000 	C:\Windows\system32\NLAapi.dll
0x000007fef7000000 - 0x000007fef7015000 	C:\Windows\system32\napinsp.dll
0x000007fef6fe0000 - 0x000007fef6ff9000 	C:\Windows\system32\pnrpnsp.dll
0x000007fef6fd0000 - 0x000007fef6fe0000 	C:\Windows\system32\wshbth.dll
0x000007fefc370000 - 0x000007fefc3cb000 	C:\Windows\system32\DNSAPI.dll
0x000007fef6fc0000 - 0x000007fef6fcb000 	C:\Windows\System32\winrnr.dll
0x000007fefbf50000 - 0x000007fefbf57000 	C:\Windows\System32\wshtcpip.dll
0x000007fefa790000 - 0x000007fefa7b7000 	C:\Windows\system32\IPHLPAPI.DLL
0x000007fefa770000 - 0x000007fefa77b000 	C:\Windows\system32\WINNSI.DLL
0x000007fef7ae0000 - 0x000007fef7ae8000 	C:\Windows\system32\rasadhlp.dll
0x000007fefa5f0000 - 0x000007fefa643000 	C:\Windows\System32\fwpuclnt.dll

dbghelp: loaded successfully - version: 4.0.5 - missing functions: none
symbol engine: initialized successfully - sym options: 0x614 - pdb path: .;C:\Users\Bublic\.jdks\adopt-openjdk-11.0.11\bin;C:\Windows\SYSTEM32;C:\Windows\WinSxS\amd64_microsoft.windows.common-controls_6595b64144ccf1df_6.0.7601.24483_none_e372d88f30fbb845;C:\Users\Bublic\.jdks\adopt-openjdk-11.0.11\bin\server

VM Arguments:
java_command: C:\Users\Bublic\AppData\Local\Temp\surefire4135586455995809367\surefirebooter5680831961110521827.jar C:\Users\Bublic\AppData\Local\Temp\surefire4135586455995809367 2021-07-29T17-15-20_039-jvmRun1 surefire11203602154337976675tmp surefire_04796654237764914173tmp
java_class_path (initial): C:\Users\Bublic\AppData\Local\Temp\surefire4135586455995809367\surefirebooter5680831961110521827.jar
Launcher Type: SUN_STANDARD

[Global flags]
     intx CICompilerCount                          = 3                                         {product} {ergonomic}
     uint ConcGCThreads                            = 1                                         {product} {ergonomic}
     uint G1ConcRefinementThreads                  = 4                                         {product} {ergonomic}
   size_t G1HeapRegionSize                         = 1048576                                   {product} {ergonomic}
    uintx GCDrainStackTargetSize                   = 64                                        {product} {ergonomic}
   size_t InitialHeapSize                          = 100663296                                 {product} {ergonomic}
   size_t MarkStackSize                            = 4194304                                   {product} {ergonomic}
   size_t MaxHeapSize                              = 1598029824                                {product} {ergonomic}
   size_t MaxNewSize                               = 958398464                                 {product} {ergonomic}
   size_t MinHeapDeltaBytes                        = 1048576                                   {product} {ergonomic}
    uintx NonNMethodCodeHeapSize                   = 5830732                                {pd product} {ergonomic}
    uintx NonProfiledCodeHeapSize                  = 122913754                              {pd product} {ergonomic}
    uintx ProfiledCodeHeapSize                     = 122913754                              {pd product} {ergonomic}
    uintx ReservedCodeCacheSize                    = 251658240                              {pd product} {ergonomic}
     bool SegmentedCodeCache                       = true                                      {product} {ergonomic}
     bool UseCompressedClassPointers               = true                                 {lp64_product} {ergonomic}
     bool UseCompressedOops                        = true                                 {lp64_product} {ergonomic}
     bool UseG1GC                                  = true                                      {product} {ergonomic}
     bool UseLargePagesIndividualAllocation        = false                                  {pd product} {ergonomic}

Logging:
Log output configuration:
 #0: stdout all=warning uptime,level,tags
 #1: stderr all=off uptime,level,tags

Environment Variables:
PATH=C:\Windows\system32;C:\Windows;C:\Windows\System32\Wbem;C:\Windows\System32\WindowsPowerShell\v1.0\;C:\Program Files\Git\cmd
USERNAME=Bublic
OS=Windows_NT
PROCESSOR_IDENTIFIER=Intel64 Family 6 Model 42 Stepping 7, GenuineIntel



---------------  S Y S T E M  ---------------

OS: Windows 7 , 64 bit Build 7601 (6.1.7601.24565)
OS uptime: 0 days 1:36 hours

CPU:total 4 (initial active 4) (2 cores per cpu, 2 threads per core) family 6 model 42 stepping 7 microcode 0x0, cmov, cx8, fxsr, mmx, sse, sse2, sse3, ssse3, sse4.1, sse4.2, popcnt, avx, aes, clmul, ht, tsc, tscinvbit

Memory: 4k page, system-wide physical 6091M (377M free)
TotalPageFile size 8138M (AvailPageFile size 8M)
current process WorkingSet (physical memory assigned to process): 172M, peak: 175M
current process commit charge ("private bytes"): 265M, peak: 269M

vm_info: OpenJDK 64-Bit Server VM (11.0.11+9) for windows-amd64 JRE (11.0.11+9), built on Apr 20 2021 21:22:09 by "" with MS VC++ 15.9 (VS2017)

END.
